2026-03-31 13:45:12,877 P724685 INFO FuxiCTR version: 2.3.7
2026-03-31 13:45:12,878 P724685 INFO Params: {
    "accumulation_steps": "1",
    "batch_norm": "False",
    "batch_size": "8192",
    "data_format": "parquet",
    "data_root": "./data/",
    "dataset_id": "KuaiRand_Video_Action",
    "debug_mode": "False",
    "distributed": "True",
    "dnn_activations": "ReLU",
    "early_stop_patience": "2",
    "embedding_dim": "16",
    "embedding_regularizer": "0",
    "epochs": "1",
    "eval_steps": "None",
    "feature_cols": "[{'name': 'user_index', 'active': True, 'dtype': 'int', 'type': 'meta'}, {'name': 'item_index', 'active': True, 'dtype': 'int', 'type': 'meta'}, {'name': 'seq_len', 'active': True, 'dtype': 'int', 'type': 'meta'}, {'name': 'user_id', 'active': True, 'dtype': 'str', 'type': 'categorical', 'vocab_size': 27286}, {'name': 'item_id', 'active': True, 'dtype': 'str', 'type': 'categorical', 'vocab_size': 32038726, 'source': 'item'}, {'name': 'video_type', 'active': True, 'dtype': 'str', 'type': 'categorical', 'vocab_size': 4, 'source': 'item'}, {'name': 'primary_tag', 'active': True, 'dtype': 'str', 'type': 'categorical', 'vocab_size': 60, 'source': 'item'}, {'name': 'music_type', 'active': True, 'dtype': 'str', 'type': 'categorical', 'vocab_size': 8, 'source': 'item'}, {'name': 'duration_bucket', 'active': True, 'dtype': 'str', 'type': 'categorical', 'vocab_size': 8, 'source': 'item'}, {'name': 'user_active_degree', 'active': True, 'dtype': 'str', 'type': 'categorical', 'vocab_size': 11}, {'name': 'is_lowactive_period', 'active': True, 'dtype': 'str', 'type': 'categorical', 'vocab_size': 3}, {'name': 'is_live_streamer', 'active': True, 'dtype': 'str', 'type': 'categorical', 'vocab_size': 4}, {'name': 'is_video_author', 'active': True, 'dtype': 'str', 'type': 'categorical', 'vocab_size': 4}, {'name': 'follow_user_num_range', 'active': True, 'dtype': 'str', 'type': 'categorical', 'vocab_size': 10}, {'name': 'fans_user_num_range', 'active': True, 'dtype': 'str', 'type': 'categorical', 'vocab_size': 11}, {'name': 'friend_user_num_range', 'active': True, 'dtype': 'str', 'type': 'categorical', 'vocab_size': 9}, {'name': 'register_days_range', 'active': True, 'dtype': 'str', 'type': 'categorical', 'vocab_size': 10}, {'name': 'onehot_feat0', 'active': True, 'dtype': 'str', 'type': 'categorical', 'vocab_size': 4}, {'name': 'onehot_feat1', 'active': True, 'dtype': 'str', 'type': 'categorical', 'vocab_size': 9}, {'name': 'onehot_feat2', 'active': True, 'dtype': 'str', 'type': 'categorical', 'vocab_size': 52}, {'name': 'onehot_feat3', 'active': True, 'dtype': 'str', 'type': 'categorical', 'vocab_size': 1473}, {'name': 'onehot_feat4', 'active': True, 'dtype': 'str', 'type': 'categorical', 'vocab_size': 17}, {'name': 'onehot_feat5', 'active': True, 'dtype': 'str', 'type': 'categorical', 'vocab_size': 36}, {'name': 'onehot_feat6', 'active': True, 'dtype': 'str', 'type': 'categorical', 'vocab_size': 5}, {'name': 'onehot_feat7', 'active': True, 'dtype': 'str', 'type': 'categorical', 'vocab_size': 120}, {'name': 'onehot_feat8', 'active': True, 'dtype': 'str', 'type': 'categorical', 'vocab_size': 456}, {'name': 'onehot_feat9', 'active': True, 'dtype': 'str', 'type': 'categorical', 'vocab_size': 9}, {'name': 'onehot_feat10', 'active': True, 'dtype': 'str', 'type': 'categorical', 'vocab_size': 7}, {'name': 'onehot_feat11', 'active': True, 'dtype': 'str', 'type': 'categorical', 'vocab_size': 7}, {'name': 'onehot_feat12', 'active': True, 'dtype': 'str', 'type': 'categorical', 'vocab_size': 4}, {'name': 'onehot_feat13', 'active': True, 'dtype': 'str', 'type': 'categorical', 'vocab_size': 4}, {'name': 'onehot_feat14', 'active': True, 'dtype': 'str', 'type': 'categorical', 'vocab_size': 4}, {'name': 'onehot_feat15', 'active': True, 'dtype': 'str', 'type': 'categorical', 'vocab_size': 4}, {'name': 'onehot_feat16', 'active': True, 'dtype': 'str', 'type': 'categorical', 'vocab_size': 4}, {'name': 'onehot_feat17', 'active': True, 'dtype': 'str', 'type': 'categorical', 'vocab_size': 4}, {'name': 'tab', 'active': True, 'dtype': 'str', 'type': 'categorical', 'vocab_size': 16}, {'name': 'day_of_week', 'active': True, 'dtype': 'str', 'type': 'categorical', 'vocab_size': 8}, {'name': 'is_weekend', 'active': True, 'dtype': 'str', 'type': 'categorical', 'vocab_size': 3}, {'name': 'hour', 'active': True, 'dtype': 'str', 'type': 'categorical', 'vocab_size': 25}, {'name': 'action', 'active': True, 'dtype': 'str', 'type': 'categorical', 'vocab_size': 65, 'source': 'action'}]",
    "feature_config": "None",
    "feature_specs": "None",
    "gpu": "0",
    "group_id": "user_index",
    "item_info": "./data/KuaiRand_27K_Action_Seq/item_info.parquet",
    "label_col": "[{'name': 'is_click', 'dtype': 'float'}, {'name': 'is_follow', 'dtype': 'float'}, {'name': 'is_like', 'dtype': 'float'}, {'name': 'is_comment', 'dtype': 'float'}, {'name': 'is_forward', 'dtype': 'float'}, {'name': 'long_view', 'dtype': 'float'}]",
    "learning_rate": "0.001",
    "local_rank": "0",
    "loss": "['binary_crossentropy', 'binary_crossentropy', 'binary_crossentropy', 'binary_crossentropy', 'binary_crossentropy', 'binary_crossentropy']",
    "max_len": "100",
    "metrics": "['logloss', 'AUC', 'gAUC']",
    "model": "EST",
    "model_id": "EST_KuaiRand_Video_Action",
    "model_root": "./checkpoints/",
    "monitor": "{'AUC': 1, 'logloss': 0, 'gAUC': 1}",
    "monitor_mode": "max",
    "net_dropout": "0",
    "net_regularizer": "0",
    "num_heads": "2",
    "num_layers": "2",
    "num_tasks": "6",
    "num_workers": "4",
    "optimizer": "adam",
    "pickle_feature_encoder": "True",
    "rank": "0",
    "rebuild_dataset": "False",
    "save_best_only": "True",
    "seed": "20262027",
    "shuffle": "True",
    "task": "binary_classification",
    "test_data": "./data/KuaiRand_27K_Action_Seq/test.parquet",
    "token_dim": "128",
    "tower_activations": "ReLU",
    "tower_hidden_units": "[128, 64]",
    "train_data": "./data/KuaiRand_27K_Action_Seq/train.parquet",
    "use_features": "None",
    "user_info": "./data/KuaiRand_27K_Action_Seq/user_info.parquet",
    "valid_data": "./data/KuaiRand_27K_Action_Seq/valid.parquet",
    "verbose": "1",
    "world_size": "2"
}
2026-03-31 13:45:12,879 P724685 INFO Set up feature processor...
2026-03-31 13:45:12,879 P724685 INFO Fit feature processor...
2026-03-31 13:45:12,879 P724685 INFO Processing column: {'name': 'user_index', 'active': True, 'dtype': 'int', 'type': 'meta'}
2026-03-31 13:45:12,879 P724685 INFO Processing column: {'name': 'item_index', 'active': True, 'dtype': 'int', 'type': 'meta'}
2026-03-31 13:45:12,879 P724685 INFO Processing column: {'name': 'seq_len', 'active': True, 'dtype': 'int', 'type': 'meta'}
2026-03-31 13:45:12,879 P724685 INFO Processing column: {'name': 'user_id', 'active': True, 'dtype': 'str', 'type': 'categorical', 'vocab_size': 27286}
2026-03-31 13:45:12,886 P724685 INFO Processing column: {'name': 'item_id', 'active': True, 'dtype': 'str', 'type': 'categorical', 'vocab_size': 32038726, 'source': 'item'}
2026-03-31 13:45:21,190 P724685 INFO Processing column: {'name': 'video_type', 'active': True, 'dtype': 'str', 'type': 'categorical', 'vocab_size': 4, 'source': 'item'}
2026-03-31 13:45:21,190 P724685 INFO Processing column: {'name': 'primary_tag', 'active': True, 'dtype': 'str', 'type': 'categorical', 'vocab_size': 60, 'source': 'item'}
2026-03-31 13:45:21,190 P724685 INFO Processing column: {'name': 'music_type', 'active': True, 'dtype': 'str', 'type': 'categorical', 'vocab_size': 8, 'source': 'item'}
2026-03-31 13:45:21,190 P724685 INFO Processing column: {'name': 'duration_bucket', 'active': True, 'dtype': 'str', 'type': 'categorical', 'vocab_size': 8, 'source': 'item'}
2026-03-31 13:45:21,190 P724685 INFO Processing column: {'name': 'user_active_degree', 'active': True, 'dtype': 'str', 'type': 'categorical', 'vocab_size': 11}
2026-03-31 13:45:21,190 P724685 INFO Processing column: {'name': 'is_lowactive_period', 'active': True, 'dtype': 'str', 'type': 'categorical', 'vocab_size': 3}
2026-03-31 13:45:21,190 P724685 INFO Processing column: {'name': 'is_live_streamer', 'active': True, 'dtype': 'str', 'type': 'categorical', 'vocab_size': 4}
2026-03-31 13:45:21,191 P724685 INFO Processing column: {'name': 'is_video_author', 'active': True, 'dtype': 'str', 'type': 'categorical', 'vocab_size': 4}
2026-03-31 13:45:21,191 P724685 INFO Processing column: {'name': 'follow_user_num_range', 'active': True, 'dtype': 'str', 'type': 'categorical', 'vocab_size': 10}
2026-03-31 13:45:21,191 P724685 INFO Processing column: {'name': 'fans_user_num_range', 'active': True, 'dtype': 'str', 'type': 'categorical', 'vocab_size': 11}
2026-03-31 13:45:21,191 P724685 INFO Processing column: {'name': 'friend_user_num_range', 'active': True, 'dtype': 'str', 'type': 'categorical', 'vocab_size': 9}
2026-03-31 13:45:21,191 P724685 INFO Processing column: {'name': 'register_days_range', 'active': True, 'dtype': 'str', 'type': 'categorical', 'vocab_size': 10}
2026-03-31 13:45:21,191 P724685 INFO Processing column: {'name': 'onehot_feat0', 'active': True, 'dtype': 'str', 'type': 'categorical', 'vocab_size': 4}
2026-03-31 13:45:21,191 P724685 INFO Processing column: {'name': 'onehot_feat1', 'active': True, 'dtype': 'str', 'type': 'categorical', 'vocab_size': 9}
2026-03-31 13:45:21,191 P724685 INFO Processing column: {'name': 'onehot_feat2', 'active': True, 'dtype': 'str', 'type': 'categorical', 'vocab_size': 52}
2026-03-31 13:45:21,191 P724685 INFO Processing column: {'name': 'onehot_feat3', 'active': True, 'dtype': 'str', 'type': 'categorical', 'vocab_size': 1473}
2026-03-31 13:45:21,191 P724685 INFO Processing column: {'name': 'onehot_feat4', 'active': True, 'dtype': 'str', 'type': 'categorical', 'vocab_size': 17}
2026-03-31 13:45:21,191 P724685 INFO Processing column: {'name': 'onehot_feat5', 'active': True, 'dtype': 'str', 'type': 'categorical', 'vocab_size': 36}
2026-03-31 13:45:21,191 P724685 INFO Processing column: {'name': 'onehot_feat6', 'active': True, 'dtype': 'str', 'type': 'categorical', 'vocab_size': 5}
2026-03-31 13:45:21,191 P724685 INFO Processing column: {'name': 'onehot_feat7', 'active': True, 'dtype': 'str', 'type': 'categorical', 'vocab_size': 120}
2026-03-31 13:45:21,192 P724685 INFO Processing column: {'name': 'onehot_feat8', 'active': True, 'dtype': 'str', 'type': 'categorical', 'vocab_size': 456}
2026-03-31 13:45:21,192 P724685 INFO Processing column: {'name': 'onehot_feat9', 'active': True, 'dtype': 'str', 'type': 'categorical', 'vocab_size': 9}
2026-03-31 13:45:21,192 P724685 INFO Processing column: {'name': 'onehot_feat10', 'active': True, 'dtype': 'str', 'type': 'categorical', 'vocab_size': 7}
2026-03-31 13:45:21,192 P724685 INFO Processing column: {'name': 'onehot_feat11', 'active': True, 'dtype': 'str', 'type': 'categorical', 'vocab_size': 7}
2026-03-31 13:45:21,192 P724685 INFO Processing column: {'name': 'onehot_feat12', 'active': True, 'dtype': 'str', 'type': 'categorical', 'vocab_size': 4}
2026-03-31 13:45:21,192 P724685 INFO Processing column: {'name': 'onehot_feat13', 'active': True, 'dtype': 'str', 'type': 'categorical', 'vocab_size': 4}
2026-03-31 13:45:21,192 P724685 INFO Processing column: {'name': 'onehot_feat14', 'active': True, 'dtype': 'str', 'type': 'categorical', 'vocab_size': 4}
2026-03-31 13:45:21,192 P724685 INFO Processing column: {'name': 'onehot_feat15', 'active': True, 'dtype': 'str', 'type': 'categorical', 'vocab_size': 4}
2026-03-31 13:45:21,192 P724685 INFO Processing column: {'name': 'onehot_feat16', 'active': True, 'dtype': 'str', 'type': 'categorical', 'vocab_size': 4}
2026-03-31 13:45:21,192 P724685 INFO Processing column: {'name': 'onehot_feat17', 'active': True, 'dtype': 'str', 'type': 'categorical', 'vocab_size': 4}
2026-03-31 13:45:21,192 P724685 INFO Processing column: {'name': 'tab', 'active': True, 'dtype': 'str', 'type': 'categorical', 'vocab_size': 16}
2026-03-31 13:45:21,192 P724685 INFO Processing column: {'name': 'day_of_week', 'active': True, 'dtype': 'str', 'type': 'categorical', 'vocab_size': 8}
2026-03-31 13:45:21,192 P724685 INFO Processing column: {'name': 'is_weekend', 'active': True, 'dtype': 'str', 'type': 'categorical', 'vocab_size': 3}
2026-03-31 13:45:21,192 P724685 INFO Processing column: {'name': 'hour', 'active': True, 'dtype': 'str', 'type': 'categorical', 'vocab_size': 25}
2026-03-31 13:45:21,192 P724685 INFO Processing column: {'name': 'action', 'active': True, 'dtype': 'str', 'type': 'categorical', 'vocab_size': 65, 'source': 'action'}
2026-03-31 13:45:21,193 P724685 INFO Set column index...
2026-03-31 13:45:21,193 P724685 INFO Save feature_map to json: ./data/KuaiRand_Video_Action/feature_map.json
2026-03-31 13:45:21,193 P724685 INFO Pickle feature_encode: ./data/KuaiRand_Video_Action/feature_processor.pkl
2026-03-31 13:45:22,488 P724685 INFO Save feature_vocab to json: ./data/KuaiRand_Video_Action/feature_vocab.json
2026-03-31 13:46:02,481 P724685 INFO Set feature processor done.
2026-03-31 13:46:02,493 P724685 INFO Load feature_map from json: ./data/KuaiRand_Video_Action/feature_map.json
2026-03-31 13:46:02,493 P724685 INFO Set column index...
2026-03-31 13:46:02,494 P724685 INFO Feature specs: {
    "action": "{'source': 'action', 'type': 'categorical', 'padding_idx': 0, 'vocab_size': 65}",
    "day_of_week": "{'source': '', 'type': 'categorical', 'padding_idx': 0, 'vocab_size': 8}",
    "duration_bucket": "{'source': 'item', 'type': 'categorical', 'padding_idx': 0, 'vocab_size': 8}",
    "fans_user_num_range": "{'source': '', 'type': 'categorical', 'padding_idx': 0, 'vocab_size': 11}",
    "follow_user_num_range": "{'source': '', 'type': 'categorical', 'padding_idx': 0, 'vocab_size': 10}",
    "friend_user_num_range": "{'source': '', 'type': 'categorical', 'padding_idx': 0, 'vocab_size': 9}",
    "hour": "{'source': '', 'type': 'categorical', 'padding_idx': 0, 'vocab_size': 25}",
    "is_live_streamer": "{'source': '', 'type': 'categorical', 'padding_idx': 0, 'vocab_size': 4}",
    "is_lowactive_period": "{'source': '', 'type': 'categorical', 'padding_idx': 0, 'vocab_size': 3}",
    "is_video_author": "{'source': '', 'type': 'categorical', 'padding_idx': 0, 'vocab_size': 4}",
    "is_weekend": "{'source': '', 'type': 'categorical', 'padding_idx': 0, 'vocab_size': 3}",
    "item_id": "{'source': 'item', 'type': 'categorical', 'padding_idx': 0, 'vocab_size': 32038726}",
    "item_index": "{'type': 'meta'}",
    "music_type": "{'source': 'item', 'type': 'categorical', 'padding_idx': 0, 'vocab_size': 8}",
    "onehot_feat0": "{'source': '', 'type': 'categorical', 'padding_idx': 0, 'vocab_size': 4}",
    "onehot_feat1": "{'source': '', 'type': 'categorical', 'padding_idx': 0, 'vocab_size': 9}",
    "onehot_feat10": "{'source': '', 'type': 'categorical', 'padding_idx': 0, 'vocab_size': 7}",
    "onehot_feat11": "{'source': '', 'type': 'categorical', 'padding_idx': 0, 'vocab_size': 7}",
    "onehot_feat12": "{'source': '', 'type': 'categorical', 'padding_idx': 0, 'vocab_size': 4}",
    "onehot_feat13": "{'source': '', 'type': 'categorical', 'padding_idx': 0, 'vocab_size': 4}",
    "onehot_feat14": "{'source': '', 'type': 'categorical', 'padding_idx': 0, 'vocab_size': 4}",
    "onehot_feat15": "{'source': '', 'type': 'categorical', 'padding_idx': 0, 'vocab_size': 4}",
    "onehot_feat16": "{'source': '', 'type': 'categorical', 'padding_idx': 0, 'vocab_size': 4}",
    "onehot_feat17": "{'source': '', 'type': 'categorical', 'padding_idx': 0, 'vocab_size': 4}",
    "onehot_feat2": "{'source': '', 'type': 'categorical', 'padding_idx': 0, 'vocab_size': 52}",
    "onehot_feat3": "{'source': '', 'type': 'categorical', 'padding_idx': 0, 'vocab_size': 1473}",
    "onehot_feat4": "{'source': '', 'type': 'categorical', 'padding_idx': 0, 'vocab_size': 17}",
    "onehot_feat5": "{'source': '', 'type': 'categorical', 'padding_idx': 0, 'vocab_size': 36}",
    "onehot_feat6": "{'source': '', 'type': 'categorical', 'padding_idx': 0, 'vocab_size': 5}",
    "onehot_feat7": "{'source': '', 'type': 'categorical', 'padding_idx': 0, 'vocab_size': 120}",
    "onehot_feat8": "{'source': '', 'type': 'categorical', 'padding_idx': 0, 'vocab_size': 456}",
    "onehot_feat9": "{'source': '', 'type': 'categorical', 'padding_idx': 0, 'vocab_size': 9}",
    "primary_tag": "{'source': 'item', 'type': 'categorical', 'padding_idx': 0, 'vocab_size': 60}",
    "register_days_range": "{'source': '', 'type': 'categorical', 'padding_idx': 0, 'vocab_size': 10}",
    "seq_len": "{'type': 'meta'}",
    "tab": "{'source': '', 'type': 'categorical', 'padding_idx': 0, 'vocab_size': 16}",
    "user_active_degree": "{'source': '', 'type': 'categorical', 'padding_idx': 0, 'vocab_size': 11}",
    "user_id": "{'source': '', 'type': 'categorical', 'padding_idx': 0, 'vocab_size': 27286}",
    "user_index": "{'type': 'meta'}",
    "video_type": "{'source': 'item', 'type': 'categorical', 'padding_idx': 0, 'vocab_size': 4}"
}
2026-03-31 13:46:12,321 P724685 INFO Total number of parameters: 529471270.
2026-03-31 13:46:12,321 P724685 INFO Number of embedding parameters: 513095840.
2026-03-31 13:46:12,321 P724685 INFO Number of dense parameters: 16375430.
2026-03-31 13:46:12,321 P724685 INFO Loading datasets...
2026-03-31 13:49:17,896 P724685 INFO Train samples: total/128055117, blocks/1
2026-03-31 13:49:46,867 P724685 INFO Validation samples: total/17167435, blocks/1
2026-03-31 13:49:46,867 P724685 INFO Loading train and validation data done.
2026-03-31 13:49:53,416 P724685 INFO Start training: 15632 batches/epoch
2026-03-31 13:49:53,416 P724685 INFO ************ Epoch=1 start ************
2026-03-31 16:33:34,383 P724685 INFO Train loss: 1.007767
2026-03-31 16:33:34,384 P724685 INFO Evaluation @epoch 1 - batch 15632: 
2026-03-31 16:39:29,317 P724685 INFO [Task: is_click][Metrics] AUC: 0.775910 - logloss: 0.569412 - gAUC: 0.666502
2026-03-31 16:39:40,927 P724685 INFO [Task: is_follow][Metrics] AUC: 0.866386 - logloss: 0.006557 - gAUC: 0.602636
2026-03-31 16:39:53,627 P724685 INFO [Task: is_like][Metrics] AUC: 0.919382 - logloss: 0.057511 - gAUC: 0.652818
2026-03-31 16:40:05,621 P724685 INFO [Task: is_comment][Metrics] AUC: 0.877207 - logloss: 0.015663 - gAUC: 0.633643
2026-03-31 16:40:17,069 P724685 INFO [Task: is_forward][Metrics] AUC: 0.838293 - logloss: 0.005933 - gAUC: 0.580007
2026-03-31 16:40:30,634 P724685 INFO [Task: long_view][Metrics] AUC: 0.794910 - logloss: 0.468009 - gAUC: 0.699421
2026-03-31 16:40:33,741 P724685 INFO Save best model: monitor(max)=1.484519
2026-03-31 16:40:37,709 P724685 INFO ************ Epoch=1 end ************
2026-03-31 16:40:37,709 P724685 INFO Training finished.
2026-03-31 16:40:37,709 P724685 INFO Load best model: /mnt/data00/lhh/code/UniRank/checkpoints/KuaiRand_Video_Action/EST_KuaiRand_Video_Action.model
2026-03-31 16:40:39,685 P724685 INFO ******** Test evaluation ********
2026-03-31 16:40:39,685 P724685 INFO Loading datasets...
2026-03-31 16:44:23,524 P724685 INFO Test samples: total/16509671, blocks/1
2026-03-31 16:44:23,525 P724685 INFO Loading test data done.
2026-03-31 16:56:09,046 P724685 INFO [Task: is_click][Metrics] logloss: 0.611812 - AUC: 0.768298 - gAUC: 0.655916
2026-03-31 16:56:26,444 P724685 INFO [Task: is_follow][Metrics] logloss: 0.006551 - AUC: 0.857414 - gAUC: 0.597053
2026-03-31 16:56:47,517 P724685 INFO [Task: is_like][Metrics] logloss: 0.060363 - AUC: 0.916441 - gAUC: 0.647217
2026-03-31 16:57:01,908 P724685 INFO [Task: is_comment][Metrics] logloss: 0.015913 - AUC: 0.868360 - gAUC: 0.628974
2026-03-31 16:57:14,653 P724685 INFO [Task: is_forward][Metrics] logloss: 0.006435 - AUC: 0.836784 - gAUC: 0.580838
2026-03-31 16:57:32,595 P724685 INFO [Task: long_view][Metrics] logloss: 0.498376 - AUC: 0.786366 - gAUC: 0.689731
