2026-04-06 16:19:49,924 P2235383 INFO FuxiCTR version: 2.3.7
2026-04-06 16:19:49,925 P2235383 INFO Params: {
    "accumulation_steps": "1",
    "batch_norm": "False",
    "batch_size": "8192",
    "data_format": "parquet",
    "data_root": "./data/",
    "dataset_id": "KuaiRand_Video_Action",
    "debug_mode": "False",
    "distributed": "True",
    "dnn_activations": "ReLU",
    "early_stop_patience": "2",
    "embedding_dim": "16",
    "embedding_regularizer": "0",
    "enable_bf16": "True",
    "epochs": "1",
    "eval_steps": "None",
    "feature_cols": "[{'name': 'user_index', 'active': True, 'dtype': 'int', 'type': 'meta'}, {'name': 'item_index', 'active': True, 'dtype': 'int', 'type': 'meta'}, {'name': 'seq_len', 'active': True, 'dtype': 'int', 'type': 'meta'}, {'name': 'user_id', 'active': True, 'dtype': 'str', 'type': 'categorical', 'vocab_size': 27286}, {'name': 'item_id', 'active': True, 'dtype': 'str', 'type': 'categorical', 'vocab_size': 32038726, 'source': 'item'}, {'name': 'video_type', 'active': True, 'dtype': 'str', 'type': 'categorical', 'vocab_size': 4, 'source': 'item'}, {'name': 'primary_tag', 'active': True, 'dtype': 'str', 'type': 'categorical', 'vocab_size': 60, 'source': 'item'}, {'name': 'music_type', 'active': True, 'dtype': 'str', 'type': 'categorical', 'vocab_size': 8, 'source': 'item'}, {'name': 'duration_bucket', 'active': True, 'dtype': 'str', 'type': 'categorical', 'vocab_size': 8, 'source': 'item'}, {'name': 'user_active_degree', 'active': True, 'dtype': 'str', 'type': 'categorical', 'vocab_size': 11}, {'name': 'is_lowactive_period', 'active': True, 'dtype': 'str', 'type': 'categorical', 'vocab_size': 3}, {'name': 'is_live_streamer', 'active': True, 'dtype': 'str', 'type': 'categorical', 'vocab_size': 4}, {'name': 'is_video_author', 'active': True, 'dtype': 'str', 'type': 'categorical', 'vocab_size': 4}, {'name': 'follow_user_num_range', 'active': True, 'dtype': 'str', 'type': 'categorical', 'vocab_size': 10}, {'name': 'fans_user_num_range', 'active': True, 'dtype': 'str', 'type': 'categorical', 'vocab_size': 11}, {'name': 'friend_user_num_range', 'active': True, 'dtype': 'str', 'type': 'categorical', 'vocab_size': 9}, {'name': 'register_days_range', 'active': True, 'dtype': 'str', 'type': 'categorical', 'vocab_size': 10}, {'name': 'onehot_feat0', 'active': True, 'dtype': 'str', 'type': 'categorical', 'vocab_size': 4}, {'name': 'onehot_feat1', 'active': True, 'dtype': 'str', 'type': 'categorical', 'vocab_size': 9}, {'name': 'onehot_feat2', 'active': True, 'dtype': 'str', 'type': 'categorical', 'vocab_size': 52}, {'name': 'onehot_feat3', 'active': True, 'dtype': 'str', 'type': 'categorical', 'vocab_size': 1473}, {'name': 'onehot_feat4', 'active': True, 'dtype': 'str', 'type': 'categorical', 'vocab_size': 17}, {'name': 'onehot_feat5', 'active': True, 'dtype': 'str', 'type': 'categorical', 'vocab_size': 36}, {'name': 'onehot_feat6', 'active': True, 'dtype': 'str', 'type': 'categorical', 'vocab_size': 5}, {'name': 'onehot_feat7', 'active': True, 'dtype': 'str', 'type': 'categorical', 'vocab_size': 120}, {'name': 'onehot_feat8', 'active': True, 'dtype': 'str', 'type': 'categorical', 'vocab_size': 456}, {'name': 'onehot_feat9', 'active': True, 'dtype': 'str', 'type': 'categorical', 'vocab_size': 9}, {'name': 'onehot_feat10', 'active': True, 'dtype': 'str', 'type': 'categorical', 'vocab_size': 7}, {'name': 'onehot_feat11', 'active': True, 'dtype': 'str', 'type': 'categorical', 'vocab_size': 7}, {'name': 'onehot_feat12', 'active': True, 'dtype': 'str', 'type': 'categorical', 'vocab_size': 4}, {'name': 'onehot_feat13', 'active': True, 'dtype': 'str', 'type': 'categorical', 'vocab_size': 4}, {'name': 'onehot_feat14', 'active': True, 'dtype': 'str', 'type': 'categorical', 'vocab_size': 4}, {'name': 'onehot_feat15', 'active': True, 'dtype': 'str', 'type': 'categorical', 'vocab_size': 4}, {'name': 'onehot_feat16', 'active': True, 'dtype': 'str', 'type': 'categorical', 'vocab_size': 4}, {'name': 'onehot_feat17', 'active': True, 'dtype': 'str', 'type': 'categorical', 'vocab_size': 4}, {'name': 'tab', 'active': True, 'dtype': 'str', 'type': 'categorical', 'vocab_size': 16}, {'name': 'day_of_week', 'active': True, 'dtype': 'str', 'type': 'categorical', 'vocab_size': 8}, {'name': 'is_weekend', 'active': True, 'dtype': 'str', 'type': 'categorical', 'vocab_size': 3}, {'name': 'hour', 'active': True, 'dtype': 'str', 'type': 'categorical', 'vocab_size': 25}, {'name': 'action', 'active': True, 'dtype': 'str', 'type': 'categorical', 'vocab_size': 65, 'source': 'action'}]",
    "feature_config": "None",
    "feature_specs": "None",
    "gpu": "0",
    "group_id": "user_index",
    "item_info": "./data/KuaiRand_27K_Action_Seq/item_info.parquet",
    "label_col": "[{'name': 'is_click', 'dtype': 'float'}, {'name': 'is_follow', 'dtype': 'float'}, {'name': 'is_like', 'dtype': 'float'}, {'name': 'is_comment', 'dtype': 'float'}, {'name': 'is_forward', 'dtype': 'float'}, {'name': 'long_view', 'dtype': 'float'}]",
    "learning_rate": "0.001",
    "local_rank": "0",
    "loss": "['binary_crossentropy', 'binary_crossentropy', 'binary_crossentropy', 'binary_crossentropy', 'binary_crossentropy', 'binary_crossentropy']",
    "max_len": "100",
    "metrics": "['logloss', 'AUC', 'gAUC']",
    "model": "HyFormer",
    "model_id": "HyFormer_KuaiRand_Video_Action",
    "model_root": "./checkpoints/",
    "monitor": "{'AUC': 1, 'logloss': 0, 'gAUC': 1}",
    "monitor_mode": "max",
    "net_dropout": "0",
    "net_regularizer": "0",
    "num_global_token": "4",
    "num_heads": "2",
    "num_layers": "3",
    "num_ns_token": "4",
    "num_tasks": "6",
    "num_workers": "4",
    "optimizer": "adam",
    "pickle_feature_encoder": "True",
    "rank": "0",
    "rebuild_dataset": "False",
    "save_best_only": "True",
    "seed": "20262027",
    "shuffle": "True",
    "task": "binary_classification",
    "test_data": "./data/KuaiRand_27K_Action_Seq/test.parquet",
    "token_dim": "256",
    "tower_activations": "ReLU",
    "tower_hidden_units": "[128, 64]",
    "train_data": "./data/KuaiRand_27K_Action_Seq/train.parquet",
    "use_features": "None",
    "user_info": "./data/KuaiRand_27K_Action_Seq/user_info.parquet",
    "valid_data": "./data/KuaiRand_27K_Action_Seq/valid.parquet",
    "verbose": "1",
    "world_size": "2"
}
2026-04-06 16:19:49,926 P2235383 INFO Set up feature processor...
2026-04-06 16:19:49,926 P2235383 INFO Fit feature processor...
2026-04-06 16:19:49,926 P2235383 INFO Processing column: {'name': 'user_index', 'active': True, 'dtype': 'int', 'type': 'meta'}
2026-04-06 16:19:49,926 P2235383 INFO Processing column: {'name': 'item_index', 'active': True, 'dtype': 'int', 'type': 'meta'}
2026-04-06 16:19:49,926 P2235383 INFO Processing column: {'name': 'seq_len', 'active': True, 'dtype': 'int', 'type': 'meta'}
2026-04-06 16:19:49,926 P2235383 INFO Processing column: {'name': 'user_id', 'active': True, 'dtype': 'str', 'type': 'categorical', 'vocab_size': 27286}
2026-04-06 16:19:49,933 P2235383 INFO Processing column: {'name': 'item_id', 'active': True, 'dtype': 'str', 'type': 'categorical', 'vocab_size': 32038726, 'source': 'item'}
2026-04-06 16:19:58,235 P2235383 INFO Processing column: {'name': 'video_type', 'active': True, 'dtype': 'str', 'type': 'categorical', 'vocab_size': 4, 'source': 'item'}
2026-04-06 16:19:58,235 P2235383 INFO Processing column: {'name': 'primary_tag', 'active': True, 'dtype': 'str', 'type': 'categorical', 'vocab_size': 60, 'source': 'item'}
2026-04-06 16:19:58,236 P2235383 INFO Processing column: {'name': 'music_type', 'active': True, 'dtype': 'str', 'type': 'categorical', 'vocab_size': 8, 'source': 'item'}
2026-04-06 16:19:58,236 P2235383 INFO Processing column: {'name': 'duration_bucket', 'active': True, 'dtype': 'str', 'type': 'categorical', 'vocab_size': 8, 'source': 'item'}
2026-04-06 16:19:58,236 P2235383 INFO Processing column: {'name': 'user_active_degree', 'active': True, 'dtype': 'str', 'type': 'categorical', 'vocab_size': 11}
2026-04-06 16:19:58,236 P2235383 INFO Processing column: {'name': 'is_lowactive_period', 'active': True, 'dtype': 'str', 'type': 'categorical', 'vocab_size': 3}
2026-04-06 16:19:58,236 P2235383 INFO Processing column: {'name': 'is_live_streamer', 'active': True, 'dtype': 'str', 'type': 'categorical', 'vocab_size': 4}
2026-04-06 16:19:58,236 P2235383 INFO Processing column: {'name': 'is_video_author', 'active': True, 'dtype': 'str', 'type': 'categorical', 'vocab_size': 4}
2026-04-06 16:19:58,236 P2235383 INFO Processing column: {'name': 'follow_user_num_range', 'active': True, 'dtype': 'str', 'type': 'categorical', 'vocab_size': 10}
2026-04-06 16:19:58,236 P2235383 INFO Processing column: {'name': 'fans_user_num_range', 'active': True, 'dtype': 'str', 'type': 'categorical', 'vocab_size': 11}
2026-04-06 16:19:58,236 P2235383 INFO Processing column: {'name': 'friend_user_num_range', 'active': True, 'dtype': 'str', 'type': 'categorical', 'vocab_size': 9}
2026-04-06 16:19:58,236 P2235383 INFO Processing column: {'name': 'register_days_range', 'active': True, 'dtype': 'str', 'type': 'categorical', 'vocab_size': 10}
2026-04-06 16:19:58,236 P2235383 INFO Processing column: {'name': 'onehot_feat0', 'active': True, 'dtype': 'str', 'type': 'categorical', 'vocab_size': 4}
2026-04-06 16:19:58,236 P2235383 INFO Processing column: {'name': 'onehot_feat1', 'active': True, 'dtype': 'str', 'type': 'categorical', 'vocab_size': 9}
2026-04-06 16:19:58,236 P2235383 INFO Processing column: {'name': 'onehot_feat2', 'active': True, 'dtype': 'str', 'type': 'categorical', 'vocab_size': 52}
2026-04-06 16:19:58,236 P2235383 INFO Processing column: {'name': 'onehot_feat3', 'active': True, 'dtype': 'str', 'type': 'categorical', 'vocab_size': 1473}
2026-04-06 16:19:58,237 P2235383 INFO Processing column: {'name': 'onehot_feat4', 'active': True, 'dtype': 'str', 'type': 'categorical', 'vocab_size': 17}
2026-04-06 16:19:58,237 P2235383 INFO Processing column: {'name': 'onehot_feat5', 'active': True, 'dtype': 'str', 'type': 'categorical', 'vocab_size': 36}
2026-04-06 16:19:58,237 P2235383 INFO Processing column: {'name': 'onehot_feat6', 'active': True, 'dtype': 'str', 'type': 'categorical', 'vocab_size': 5}
2026-04-06 16:19:58,237 P2235383 INFO Processing column: {'name': 'onehot_feat7', 'active': True, 'dtype': 'str', 'type': 'categorical', 'vocab_size': 120}
2026-04-06 16:19:58,237 P2235383 INFO Processing column: {'name': 'onehot_feat8', 'active': True, 'dtype': 'str', 'type': 'categorical', 'vocab_size': 456}
2026-04-06 16:19:58,237 P2235383 INFO Processing column: {'name': 'onehot_feat9', 'active': True, 'dtype': 'str', 'type': 'categorical', 'vocab_size': 9}
2026-04-06 16:19:58,237 P2235383 INFO Processing column: {'name': 'onehot_feat10', 'active': True, 'dtype': 'str', 'type': 'categorical', 'vocab_size': 7}
2026-04-06 16:19:58,237 P2235383 INFO Processing column: {'name': 'onehot_feat11', 'active': True, 'dtype': 'str', 'type': 'categorical', 'vocab_size': 7}
2026-04-06 16:19:58,237 P2235383 INFO Processing column: {'name': 'onehot_feat12', 'active': True, 'dtype': 'str', 'type': 'categorical', 'vocab_size': 4}
2026-04-06 16:19:58,237 P2235383 INFO Processing column: {'name': 'onehot_feat13', 'active': True, 'dtype': 'str', 'type': 'categorical', 'vocab_size': 4}
2026-04-06 16:19:58,238 P2235383 INFO Processing column: {'name': 'onehot_feat14', 'active': True, 'dtype': 'str', 'type': 'categorical', 'vocab_size': 4}
2026-04-06 16:19:58,238 P2235383 INFO Processing column: {'name': 'onehot_feat15', 'active': True, 'dtype': 'str', 'type': 'categorical', 'vocab_size': 4}
2026-04-06 16:19:58,238 P2235383 INFO Processing column: {'name': 'onehot_feat16', 'active': True, 'dtype': 'str', 'type': 'categorical', 'vocab_size': 4}
2026-04-06 16:19:58,238 P2235383 INFO Processing column: {'name': 'onehot_feat17', 'active': True, 'dtype': 'str', 'type': 'categorical', 'vocab_size': 4}
2026-04-06 16:19:58,238 P2235383 INFO Processing column: {'name': 'tab', 'active': True, 'dtype': 'str', 'type': 'categorical', 'vocab_size': 16}
2026-04-06 16:19:58,238 P2235383 INFO Processing column: {'name': 'day_of_week', 'active': True, 'dtype': 'str', 'type': 'categorical', 'vocab_size': 8}
2026-04-06 16:19:58,238 P2235383 INFO Processing column: {'name': 'is_weekend', 'active': True, 'dtype': 'str', 'type': 'categorical', 'vocab_size': 3}
2026-04-06 16:19:58,238 P2235383 INFO Processing column: {'name': 'hour', 'active': True, 'dtype': 'str', 'type': 'categorical', 'vocab_size': 25}
2026-04-06 16:19:58,238 P2235383 INFO Processing column: {'name': 'action', 'active': True, 'dtype': 'str', 'type': 'categorical', 'vocab_size': 65, 'source': 'action'}
2026-04-06 16:19:58,238 P2235383 INFO Set column index...
2026-04-06 16:19:58,238 P2235383 INFO Save feature_map to json: ./data/KuaiRand_Video_Action/feature_map.json
2026-04-06 16:19:58,239 P2235383 INFO Pickle feature_encode: ./data/KuaiRand_Video_Action/feature_processor.pkl
2026-04-06 16:19:59,657 P2235383 INFO Save feature_vocab to json: ./data/KuaiRand_Video_Action/feature_vocab.json
2026-04-06 16:20:41,247 P2235383 INFO Set feature processor done.
2026-04-06 16:20:41,260 P2235383 INFO Load feature_map from json: ./data/KuaiRand_Video_Action/feature_map.json
2026-04-06 16:20:41,260 P2235383 INFO Set column index...
2026-04-06 16:20:41,260 P2235383 INFO Feature specs: {
    "action": "{'source': 'action', 'type': 'categorical', 'padding_idx': 0, 'vocab_size': 65}",
    "day_of_week": "{'source': '', 'type': 'categorical', 'padding_idx': 0, 'vocab_size': 8}",
    "duration_bucket": "{'source': 'item', 'type': 'categorical', 'padding_idx': 0, 'vocab_size': 8}",
    "fans_user_num_range": "{'source': '', 'type': 'categorical', 'padding_idx': 0, 'vocab_size': 11}",
    "follow_user_num_range": "{'source': '', 'type': 'categorical', 'padding_idx': 0, 'vocab_size': 10}",
    "friend_user_num_range": "{'source': '', 'type': 'categorical', 'padding_idx': 0, 'vocab_size': 9}",
    "hour": "{'source': '', 'type': 'categorical', 'padding_idx': 0, 'vocab_size': 25}",
    "is_live_streamer": "{'source': '', 'type': 'categorical', 'padding_idx': 0, 'vocab_size': 4}",
    "is_lowactive_period": "{'source': '', 'type': 'categorical', 'padding_idx': 0, 'vocab_size': 3}",
    "is_video_author": "{'source': '', 'type': 'categorical', 'padding_idx': 0, 'vocab_size': 4}",
    "is_weekend": "{'source': '', 'type': 'categorical', 'padding_idx': 0, 'vocab_size': 3}",
    "item_id": "{'source': 'item', 'type': 'categorical', 'padding_idx': 0, 'vocab_size': 32038726}",
    "item_index": "{'type': 'meta'}",
    "music_type": "{'source': 'item', 'type': 'categorical', 'padding_idx': 0, 'vocab_size': 8}",
    "onehot_feat0": "{'source': '', 'type': 'categorical', 'padding_idx': 0, 'vocab_size': 4}",
    "onehot_feat1": "{'source': '', 'type': 'categorical', 'padding_idx': 0, 'vocab_size': 9}",
    "onehot_feat10": "{'source': '', 'type': 'categorical', 'padding_idx': 0, 'vocab_size': 7}",
    "onehot_feat11": "{'source': '', 'type': 'categorical', 'padding_idx': 0, 'vocab_size': 7}",
    "onehot_feat12": "{'source': '', 'type': 'categorical', 'padding_idx': 0, 'vocab_size': 4}",
    "onehot_feat13": "{'source': '', 'type': 'categorical', 'padding_idx': 0, 'vocab_size': 4}",
    "onehot_feat14": "{'source': '', 'type': 'categorical', 'padding_idx': 0, 'vocab_size': 4}",
    "onehot_feat15": "{'source': '', 'type': 'categorical', 'padding_idx': 0, 'vocab_size': 4}",
    "onehot_feat16": "{'source': '', 'type': 'categorical', 'padding_idx': 0, 'vocab_size': 4}",
    "onehot_feat17": "{'source': '', 'type': 'categorical', 'padding_idx': 0, 'vocab_size': 4}",
    "onehot_feat2": "{'source': '', 'type': 'categorical', 'padding_idx': 0, 'vocab_size': 52}",
    "onehot_feat3": "{'source': '', 'type': 'categorical', 'padding_idx': 0, 'vocab_size': 1473}",
    "onehot_feat4": "{'source': '', 'type': 'categorical', 'padding_idx': 0, 'vocab_size': 17}",
    "onehot_feat5": "{'source': '', 'type': 'categorical', 'padding_idx': 0, 'vocab_size': 36}",
    "onehot_feat6": "{'source': '', 'type': 'categorical', 'padding_idx': 0, 'vocab_size': 5}",
    "onehot_feat7": "{'source': '', 'type': 'categorical', 'padding_idx': 0, 'vocab_size': 120}",
    "onehot_feat8": "{'source': '', 'type': 'categorical', 'padding_idx': 0, 'vocab_size': 456}",
    "onehot_feat9": "{'source': '', 'type': 'categorical', 'padding_idx': 0, 'vocab_size': 9}",
    "primary_tag": "{'source': 'item', 'type': 'categorical', 'padding_idx': 0, 'vocab_size': 60}",
    "register_days_range": "{'source': '', 'type': 'categorical', 'padding_idx': 0, 'vocab_size': 10}",
    "seq_len": "{'type': 'meta'}",
    "tab": "{'source': '', 'type': 'categorical', 'padding_idx': 0, 'vocab_size': 16}",
    "user_active_degree": "{'source': '', 'type': 'categorical', 'padding_idx': 0, 'vocab_size': 11}",
    "user_id": "{'source': '', 'type': 'categorical', 'padding_idx': 0, 'vocab_size': 27286}",
    "user_index": "{'type': 'meta'}",
    "video_type": "{'source': 'item', 'type': 'categorical', 'padding_idx': 0, 'vocab_size': 4}"
}
2026-04-06 16:20:51,404 P2235383 INFO Total number of parameters: 529198246.
2026-04-06 16:20:51,404 P2235383 INFO Number of embedding parameters: 513095840.
2026-04-06 16:20:51,404 P2235383 INFO Number of dense parameters: 16102406.
2026-04-06 16:20:51,405 P2235383 INFO Loading datasets...
2026-04-06 16:24:19,120 P2235383 INFO Train samples: total/128055117, blocks/1
2026-04-06 16:24:46,157 P2235383 INFO Validation samples: total/17167435, blocks/1
2026-04-06 16:24:46,157 P2235383 INFO Loading train and validation data done.
2026-04-06 16:24:51,058 P2235383 INFO BF16 mixed precision: True
2026-04-06 16:24:51,059 P2235383 INFO Start training: 15631 batches/epoch
2026-04-06 16:24:51,059 P2235383 INFO ************ Epoch=1 start ************
2026-04-06 21:07:17,412 P2235383 INFO Train loss: 0.993434
2026-04-06 21:07:17,412 P2235383 INFO Evaluation @epoch 1 - batch 15631: 
2026-04-06 21:25:31,351 P2235383 INFO [Task: is_click][Metrics] AUC: 0.773352 - logloss: 0.576766 - gAUC: 0.668610
2026-04-06 21:25:42,857 P2235383 INFO [Task: is_follow][Metrics] AUC: 0.889814 - logloss: 0.006306 - gAUC: 0.640394
2026-04-06 21:25:55,466 P2235383 INFO [Task: is_like][Metrics] AUC: 0.928809 - logloss: 0.055300 - gAUC: 0.684461
2026-04-06 21:26:07,234 P2235383 INFO [Task: is_comment][Metrics] AUC: 0.901101 - logloss: 0.014886 - gAUC: 0.667657
2026-04-06 21:26:18,654 P2235383 INFO [Task: is_forward][Metrics] AUC: 0.875594 - logloss: 0.005476 - gAUC: 0.623298
2026-04-06 21:26:32,022 P2235383 INFO [Task: long_view][Metrics] AUC: 0.799471 - logloss: 0.460928 - gAUC: 0.707331
2026-04-06 21:26:35,109 P2235383 INFO Save best model: monitor(max)=1.526649
2026-04-06 21:26:39,213 P2235383 INFO ************ Epoch=1 end ************
2026-04-06 21:26:39,214 P2235383 INFO Training finished.
2026-04-06 21:26:39,214 P2235383 INFO Load best model: /mnt/data00/lhh/code/UniRank/checkpoints/KuaiRand_Video_Action/HyFormer_KuaiRand_Video_Action.model
2026-04-06 21:26:41,442 P2235383 INFO ******** Test evaluation ********
2026-04-06 21:26:41,442 P2235383 INFO Loading datasets...
2026-04-06 21:38:11,342 P2235383 INFO Test samples: total/16509671, blocks/1
2026-04-06 21:38:11,342 P2235383 INFO Loading test data done.
2026-04-06 21:55:56,436 P2235383 INFO [Task: is_click][Metrics] logloss: 0.585560 - AUC: 0.770935 - gAUC: 0.666843
2026-04-06 21:56:16,168 P2235383 INFO [Task: is_follow][Metrics] logloss: 0.006122 - AUC: 0.888643 - gAUC: 0.641478
2026-04-06 21:56:38,009 P2235383 INFO [Task: is_like][Metrics] logloss: 0.056245 - AUC: 0.926992 - gAUC: 0.682982
2026-04-06 21:56:58,441 P2235383 INFO [Task: is_comment][Metrics] logloss: 0.014765 - AUC: 0.900685 - gAUC: 0.670810
2026-04-06 21:57:18,198 P2235383 INFO [Task: is_forward][Metrics] logloss: 0.005687 - AUC: 0.874343 - gAUC: 0.617277
2026-04-06 21:57:41,669 P2235383 INFO [Task: long_view][Metrics] logloss: 0.467647 - AUC: 0.797010 - gAUC: 0.704907
