2026-04-22 18:26:38,966 P811829 INFO FuxiCTR version: 2.3.7
2026-04-22 18:26:38,966 P811829 INFO Params: {
    "accumulation_steps": "1",
    "batch_norm": "False",
    "batch_size": "8192",
    "data_format": "parquet",
    "data_root": "./data/",
    "dataset_id": "KuaiRand_Video_Action",
    "debug_mode": "False",
    "distributed": "True",
    "dnn_activations": "ReLU",
    "early_stop_patience": "2",
    "embedding_dim": "16",
    "embedding_regularizer": "0",
    "enable_bf16": "True",
    "epochs": "1",
    "eval_steps": "None",
    "feature_cols": "[{'name': 'user_index', 'active': True, 'dtype': 'int', 'type': 'meta'}, {'name': 'item_index', 'active': True, 'dtype': 'int', 'type': 'meta'}, {'name': 'seq_len', 'active': True, 'dtype': 'int', 'type': 'meta'}, {'name': 'user_id', 'active': True, 'dtype': 'int', 'type': 'categorical', 'vocab_size': 27286}, {'name': 'item_id', 'active': True, 'dtype': 'int', 'type': 'categorical', 'vocab_size': 32038726, 'source': 'item'}, {'name': 'video_type', 'active': True, 'dtype': 'int', 'type': 'categorical', 'vocab_size': 4, 'source': 'item'}, {'name': 'primary_tag', 'active': True, 'dtype': 'int', 'type': 'categorical', 'vocab_size': 60, 'source': 'item'}, {'name': 'music_type', 'active': True, 'dtype': 'int', 'type': 'categorical', 'vocab_size': 8, 'source': 'item'}, {'name': 'duration_bucket', 'active': True, 'dtype': 'int', 'type': 'categorical', 'vocab_size': 8, 'source': 'item'}, {'name': 'user_active_degree', 'active': True, 'dtype': 'int', 'type': 'categorical', 'vocab_size': 11}, {'name': 'is_lowactive_period', 'active': True, 'dtype': 'int', 'type': 'categorical', 'vocab_size': 3}, {'name': 'is_live_streamer', 'active': True, 'dtype': 'int', 'type': 'categorical', 'vocab_size': 4}, {'name': 'is_video_author', 'active': True, 'dtype': 'int', 'type': 'categorical', 'vocab_size': 4}, {'name': 'follow_user_num_range', 'active': True, 'dtype': 'int', 'type': 'categorical', 'vocab_size': 10}, {'name': 'fans_user_num_range', 'active': True, 'dtype': 'int', 'type': 'categorical', 'vocab_size': 11}, {'name': 'friend_user_num_range', 'active': True, 'dtype': 'int', 'type': 'categorical', 'vocab_size': 9}, {'name': 'register_days_range', 'active': True, 'dtype': 'int', 'type': 'categorical', 'vocab_size': 10}, {'name': 'onehot_feat0', 'active': True, 'dtype': 'int', 'type': 'categorical', 'vocab_size': 4}, {'name': 'onehot_feat1', 'active': True, 'dtype': 'int', 'type': 'categorical', 'vocab_size': 9}, {'name': 'onehot_feat2', 'active': True, 'dtype': 'int', 'type': 'categorical', 'vocab_size': 52}, {'name': 'onehot_feat3', 'active': True, 'dtype': 'int', 'type': 'categorical', 'vocab_size': 1473}, {'name': 'onehot_feat4', 'active': True, 'dtype': 'int', 'type': 'categorical', 'vocab_size': 17}, {'name': 'onehot_feat5', 'active': True, 'dtype': 'int', 'type': 'categorical', 'vocab_size': 36}, {'name': 'onehot_feat6', 'active': True, 'dtype': 'int', 'type': 'categorical', 'vocab_size': 5}, {'name': 'onehot_feat7', 'active': True, 'dtype': 'int', 'type': 'categorical', 'vocab_size': 120}, {'name': 'onehot_feat8', 'active': True, 'dtype': 'int', 'type': 'categorical', 'vocab_size': 456}, {'name': 'onehot_feat9', 'active': True, 'dtype': 'int', 'type': 'categorical', 'vocab_size': 9}, {'name': 'onehot_feat10', 'active': True, 'dtype': 'int', 'type': 'categorical', 'vocab_size': 7}, {'name': 'onehot_feat11', 'active': True, 'dtype': 'int', 'type': 'categorical', 'vocab_size': 7}, {'name': 'onehot_feat12', 'active': True, 'dtype': 'int', 'type': 'categorical', 'vocab_size': 4}, {'name': 'onehot_feat13', 'active': True, 'dtype': 'int', 'type': 'categorical', 'vocab_size': 4}, {'name': 'onehot_feat14', 'active': True, 'dtype': 'int', 'type': 'categorical', 'vocab_size': 4}, {'name': 'onehot_feat15', 'active': True, 'dtype': 'int', 'type': 'categorical', 'vocab_size': 4}, {'name': 'onehot_feat16', 'active': True, 'dtype': 'int', 'type': 'categorical', 'vocab_size': 4}, {'name': 'onehot_feat17', 'active': True, 'dtype': 'int', 'type': 'categorical', 'vocab_size': 4}, {'name': 'tab', 'active': True, 'dtype': 'int', 'type': 'categorical', 'vocab_size': 16}, {'name': 'day_of_week', 'active': True, 'dtype': 'int', 'type': 'categorical', 'vocab_size': 8}, {'name': 'is_weekend', 'active': True, 'dtype': 'int', 'type': 'categorical', 'vocab_size': 3}, {'name': 'hour', 'active': True, 'dtype': 'int', 'type': 'categorical', 'vocab_size': 25}, {'name': 'action', 'active': True, 'dtype': 'int', 'type': 'categorical', 'vocab_size': 65, 'source': 'action'}]",
    "feature_config": "None",
    "feature_specs": "None",
    "gpu": "0",
    "group_id": "user_index",
    "item_info": "./data/KuaiRand_Video_Action/item_info.parquet",
    "label_col": "[{'name': 'is_click', 'dtype': 'float'}, {'name': 'is_follow', 'dtype': 'float'}, {'name': 'is_like', 'dtype': 'float'}, {'name': 'is_comment', 'dtype': 'float'}, {'name': 'is_forward', 'dtype': 'float'}, {'name': 'long_view', 'dtype': 'float'}]",
    "learning_rate": "0.001",
    "local_rank": "0",
    "loss": "['binary_crossentropy', 'binary_crossentropy', 'binary_crossentropy', 'binary_crossentropy', 'binary_crossentropy', 'binary_crossentropy']",
    "max_len": "100",
    "metrics": "['logloss', 'AUC', 'gAUC']",
    "model": "OneTrans",
    "model_id": "OneTrans_KuaiRand_Video_Action",
    "model_root": "./checkpoints/",
    "monitor": "{'AUC': 1, 'logloss': 0, 'gAUC': 1}",
    "monitor_mode": "max",
    "net_dropout": "0",
    "net_regularizer": "0",
    "num_heads": "2",
    "num_layers": "3",
    "num_ns_token": "4",
    "num_tasks": "6",
    "num_workers": "2",
    "optimizer": "adam",
    "pickle_feature_encoder": "True",
    "rank": "0",
    "rebuild_dataset": "False",
    "save_best_only": "True",
    "seed": "20262027",
    "shuffle": "True",
    "task": "binary_classification",
    "test_data": "./data/KuaiRand_Video_Action/test.parquet",
    "token_dim": "256",
    "tower_activations": "ReLU",
    "tower_hidden_units": "[128, 64]",
    "train_data": "./data/KuaiRand_Video_Action/train.parquet",
    "use_features": "None",
    "user_info": "./data/KuaiRand_Video_Action/user_info.parquet",
    "valid_data": "./data/KuaiRand_Video_Action/valid.parquet",
    "verbose": "1",
    "world_size": "2"
}
2026-04-22 18:26:38,968 P811829 INFO Set up feature processor...
2026-04-22 18:26:38,968 P811829 INFO Fit feature processor...
2026-04-22 18:26:38,968 P811829 INFO Processing column: {'name': 'user_index', 'active': True, 'dtype': 'int', 'type': 'meta'}
2026-04-22 18:26:38,968 P811829 INFO Processing column: {'name': 'item_index', 'active': True, 'dtype': 'int', 'type': 'meta'}
2026-04-22 18:26:38,968 P811829 INFO Processing column: {'name': 'seq_len', 'active': True, 'dtype': 'int', 'type': 'meta'}
2026-04-22 18:26:38,968 P811829 INFO Processing column: {'name': 'user_id', 'active': True, 'dtype': 'int', 'type': 'categorical', 'vocab_size': 27286}
2026-04-22 18:26:38,975 P811829 INFO Processing column: {'name': 'item_id', 'active': True, 'dtype': 'int', 'type': 'categorical', 'vocab_size': 32038726, 'source': 'item'}
2026-04-22 18:26:47,362 P811829 INFO Processing column: {'name': 'video_type', 'active': True, 'dtype': 'int', 'type': 'categorical', 'vocab_size': 4, 'source': 'item'}
2026-04-22 18:26:47,363 P811829 INFO Processing column: {'name': 'primary_tag', 'active': True, 'dtype': 'int', 'type': 'categorical', 'vocab_size': 60, 'source': 'item'}
2026-04-22 18:26:47,363 P811829 INFO Processing column: {'name': 'music_type', 'active': True, 'dtype': 'int', 'type': 'categorical', 'vocab_size': 8, 'source': 'item'}
2026-04-22 18:26:47,363 P811829 INFO Processing column: {'name': 'duration_bucket', 'active': True, 'dtype': 'int', 'type': 'categorical', 'vocab_size': 8, 'source': 'item'}
2026-04-22 18:26:47,363 P811829 INFO Processing column: {'name': 'user_active_degree', 'active': True, 'dtype': 'int', 'type': 'categorical', 'vocab_size': 11}
2026-04-22 18:26:47,363 P811829 INFO Processing column: {'name': 'is_lowactive_period', 'active': True, 'dtype': 'int', 'type': 'categorical', 'vocab_size': 3}
2026-04-22 18:26:47,363 P811829 INFO Processing column: {'name': 'is_live_streamer', 'active': True, 'dtype': 'int', 'type': 'categorical', 'vocab_size': 4}
2026-04-22 18:26:47,363 P811829 INFO Processing column: {'name': 'is_video_author', 'active': True, 'dtype': 'int', 'type': 'categorical', 'vocab_size': 4}
2026-04-22 18:26:47,363 P811829 INFO Processing column: {'name': 'follow_user_num_range', 'active': True, 'dtype': 'int', 'type': 'categorical', 'vocab_size': 10}
2026-04-22 18:26:47,363 P811829 INFO Processing column: {'name': 'fans_user_num_range', 'active': True, 'dtype': 'int', 'type': 'categorical', 'vocab_size': 11}
2026-04-22 18:26:47,363 P811829 INFO Processing column: {'name': 'friend_user_num_range', 'active': True, 'dtype': 'int', 'type': 'categorical', 'vocab_size': 9}
2026-04-22 18:26:47,363 P811829 INFO Processing column: {'name': 'register_days_range', 'active': True, 'dtype': 'int', 'type': 'categorical', 'vocab_size': 10}
2026-04-22 18:26:47,363 P811829 INFO Processing column: {'name': 'onehot_feat0', 'active': True, 'dtype': 'int', 'type': 'categorical', 'vocab_size': 4}
2026-04-22 18:26:47,364 P811829 INFO Processing column: {'name': 'onehot_feat1', 'active': True, 'dtype': 'int', 'type': 'categorical', 'vocab_size': 9}
2026-04-22 18:26:47,364 P811829 INFO Processing column: {'name': 'onehot_feat2', 'active': True, 'dtype': 'int', 'type': 'categorical', 'vocab_size': 52}
2026-04-22 18:26:47,364 P811829 INFO Processing column: {'name': 'onehot_feat3', 'active': True, 'dtype': 'int', 'type': 'categorical', 'vocab_size': 1473}
2026-04-22 18:26:47,364 P811829 INFO Processing column: {'name': 'onehot_feat4', 'active': True, 'dtype': 'int', 'type': 'categorical', 'vocab_size': 17}
2026-04-22 18:26:47,364 P811829 INFO Processing column: {'name': 'onehot_feat5', 'active': True, 'dtype': 'int', 'type': 'categorical', 'vocab_size': 36}
2026-04-22 18:26:47,364 P811829 INFO Processing column: {'name': 'onehot_feat6', 'active': True, 'dtype': 'int', 'type': 'categorical', 'vocab_size': 5}
2026-04-22 18:26:47,364 P811829 INFO Processing column: {'name': 'onehot_feat7', 'active': True, 'dtype': 'int', 'type': 'categorical', 'vocab_size': 120}
2026-04-22 18:26:47,364 P811829 INFO Processing column: {'name': 'onehot_feat8', 'active': True, 'dtype': 'int', 'type': 'categorical', 'vocab_size': 456}
2026-04-22 18:26:47,364 P811829 INFO Processing column: {'name': 'onehot_feat9', 'active': True, 'dtype': 'int', 'type': 'categorical', 'vocab_size': 9}
2026-04-22 18:26:47,364 P811829 INFO Processing column: {'name': 'onehot_feat10', 'active': True, 'dtype': 'int', 'type': 'categorical', 'vocab_size': 7}
2026-04-22 18:26:47,365 P811829 INFO Processing column: {'name': 'onehot_feat11', 'active': True, 'dtype': 'int', 'type': 'categorical', 'vocab_size': 7}
2026-04-22 18:26:47,365 P811829 INFO Processing column: {'name': 'onehot_feat12', 'active': True, 'dtype': 'int', 'type': 'categorical', 'vocab_size': 4}
2026-04-22 18:26:47,365 P811829 INFO Processing column: {'name': 'onehot_feat13', 'active': True, 'dtype': 'int', 'type': 'categorical', 'vocab_size': 4}
2026-04-22 18:26:47,365 P811829 INFO Processing column: {'name': 'onehot_feat14', 'active': True, 'dtype': 'int', 'type': 'categorical', 'vocab_size': 4}
2026-04-22 18:26:47,365 P811829 INFO Processing column: {'name': 'onehot_feat15', 'active': True, 'dtype': 'int', 'type': 'categorical', 'vocab_size': 4}
2026-04-22 18:26:47,365 P811829 INFO Processing column: {'name': 'onehot_feat16', 'active': True, 'dtype': 'int', 'type': 'categorical', 'vocab_size': 4}
2026-04-22 18:26:47,365 P811829 INFO Processing column: {'name': 'onehot_feat17', 'active': True, 'dtype': 'int', 'type': 'categorical', 'vocab_size': 4}
2026-04-22 18:26:47,365 P811829 INFO Processing column: {'name': 'tab', 'active': True, 'dtype': 'int', 'type': 'categorical', 'vocab_size': 16}
2026-04-22 18:26:47,365 P811829 INFO Processing column: {'name': 'day_of_week', 'active': True, 'dtype': 'int', 'type': 'categorical', 'vocab_size': 8}
2026-04-22 18:26:47,365 P811829 INFO Processing column: {'name': 'is_weekend', 'active': True, 'dtype': 'int', 'type': 'categorical', 'vocab_size': 3}
2026-04-22 18:26:47,365 P811829 INFO Processing column: {'name': 'hour', 'active': True, 'dtype': 'int', 'type': 'categorical', 'vocab_size': 25}
2026-04-22 18:26:47,365 P811829 INFO Processing column: {'name': 'action', 'active': True, 'dtype': 'int', 'type': 'categorical', 'vocab_size': 65, 'source': 'action'}
2026-04-22 18:26:47,365 P811829 INFO Set column index...
2026-04-22 18:26:47,365 P811829 INFO Save feature_map to json: ./data/KuaiRand_Video_Action/feature_map.json
2026-04-22 18:26:47,366 P811829 INFO Pickle feature_encode: ./data/KuaiRand_Video_Action/feature_processor.pkl
2026-04-22 18:26:48,828 P811829 INFO Save feature_vocab to json: ./data/KuaiRand_Video_Action/feature_vocab.json
2026-04-22 18:27:30,856 P811829 INFO Set feature processor done.
2026-04-22 18:27:30,869 P811829 INFO Load feature_map from json: ./data/KuaiRand_Video_Action/feature_map.json
2026-04-22 18:27:30,869 P811829 INFO Set column index...
2026-04-22 18:27:30,870 P811829 INFO Feature specs: {
    "action": "{'source': 'action', 'type': 'categorical', 'padding_idx': 0, 'vocab_size': 65}",
    "day_of_week": "{'source': '', 'type': 'categorical', 'padding_idx': 0, 'vocab_size': 8}",
    "duration_bucket": "{'source': 'item', 'type': 'categorical', 'padding_idx': 0, 'vocab_size': 8}",
    "fans_user_num_range": "{'source': '', 'type': 'categorical', 'padding_idx': 0, 'vocab_size': 11}",
    "follow_user_num_range": "{'source': '', 'type': 'categorical', 'padding_idx': 0, 'vocab_size': 10}",
    "friend_user_num_range": "{'source': '', 'type': 'categorical', 'padding_idx': 0, 'vocab_size': 9}",
    "hour": "{'source': '', 'type': 'categorical', 'padding_idx': 0, 'vocab_size': 25}",
    "is_live_streamer": "{'source': '', 'type': 'categorical', 'padding_idx': 0, 'vocab_size': 4}",
    "is_lowactive_period": "{'source': '', 'type': 'categorical', 'padding_idx': 0, 'vocab_size': 3}",
    "is_video_author": "{'source': '', 'type': 'categorical', 'padding_idx': 0, 'vocab_size': 4}",
    "is_weekend": "{'source': '', 'type': 'categorical', 'padding_idx': 0, 'vocab_size': 3}",
    "item_id": "{'source': 'item', 'type': 'categorical', 'padding_idx': 0, 'vocab_size': 32038726}",
    "item_index": "{'type': 'meta'}",
    "music_type": "{'source': 'item', 'type': 'categorical', 'padding_idx': 0, 'vocab_size': 8}",
    "onehot_feat0": "{'source': '', 'type': 'categorical', 'padding_idx': 0, 'vocab_size': 4}",
    "onehot_feat1": "{'source': '', 'type': 'categorical', 'padding_idx': 0, 'vocab_size': 9}",
    "onehot_feat10": "{'source': '', 'type': 'categorical', 'padding_idx': 0, 'vocab_size': 7}",
    "onehot_feat11": "{'source': '', 'type': 'categorical', 'padding_idx': 0, 'vocab_size': 7}",
    "onehot_feat12": "{'source': '', 'type': 'categorical', 'padding_idx': 0, 'vocab_size': 4}",
    "onehot_feat13": "{'source': '', 'type': 'categorical', 'padding_idx': 0, 'vocab_size': 4}",
    "onehot_feat14": "{'source': '', 'type': 'categorical', 'padding_idx': 0, 'vocab_size': 4}",
    "onehot_feat15": "{'source': '', 'type': 'categorical', 'padding_idx': 0, 'vocab_size': 4}",
    "onehot_feat16": "{'source': '', 'type': 'categorical', 'padding_idx': 0, 'vocab_size': 4}",
    "onehot_feat17": "{'source': '', 'type': 'categorical', 'padding_idx': 0, 'vocab_size': 4}",
    "onehot_feat2": "{'source': '', 'type': 'categorical', 'padding_idx': 0, 'vocab_size': 52}",
    "onehot_feat3": "{'source': '', 'type': 'categorical', 'padding_idx': 0, 'vocab_size': 1473}",
    "onehot_feat4": "{'source': '', 'type': 'categorical', 'padding_idx': 0, 'vocab_size': 17}",
    "onehot_feat5": "{'source': '', 'type': 'categorical', 'padding_idx': 0, 'vocab_size': 36}",
    "onehot_feat6": "{'source': '', 'type': 'categorical', 'padding_idx': 0, 'vocab_size': 5}",
    "onehot_feat7": "{'source': '', 'type': 'categorical', 'padding_idx': 0, 'vocab_size': 120}",
    "onehot_feat8": "{'source': '', 'type': 'categorical', 'padding_idx': 0, 'vocab_size': 456}",
    "onehot_feat9": "{'source': '', 'type': 'categorical', 'padding_idx': 0, 'vocab_size': 9}",
    "primary_tag": "{'source': 'item', 'type': 'categorical', 'padding_idx': 0, 'vocab_size': 60}",
    "register_days_range": "{'source': '', 'type': 'categorical', 'padding_idx': 0, 'vocab_size': 10}",
    "seq_len": "{'type': 'meta'}",
    "tab": "{'source': '', 'type': 'categorical', 'padding_idx': 0, 'vocab_size': 16}",
    "user_active_degree": "{'source': '', 'type': 'categorical', 'padding_idx': 0, 'vocab_size': 11}",
    "user_id": "{'source': '', 'type': 'categorical', 'padding_idx': 0, 'vocab_size': 27286}",
    "user_index": "{'type': 'meta'}",
    "video_type": "{'source': 'item', 'type': 'categorical', 'padding_idx': 0, 'vocab_size': 4}"
}
2026-04-22 18:27:41,484 P811829 INFO Total number of parameters: 528301222.
2026-04-22 18:27:41,485 P811829 INFO Number of embedding parameters: 513095840.
2026-04-22 18:27:41,485 P811829 INFO Number of dense parameters: 15205382.
2026-04-22 18:27:41,485 P811829 INFO Loading datasets...
2026-04-22 18:29:38,920 P811829 INFO Train samples: total/128055117, blocks/1
2026-04-22 18:30:07,067 P811829 INFO Validation samples: total/17167435, blocks/1
2026-04-22 18:30:07,067 P811829 INFO Loading train and validation data done.
2026-04-22 18:30:10,504 P811829 INFO BF16 mixed precision: True
2026-04-22 18:30:10,504 P811829 INFO Start training: 15631 batches/epoch
2026-04-22 18:30:10,505 P811829 INFO ************ Epoch=1 start ************
2026-04-22 21:15:47,355 P811829 INFO Train loss: 0.986156
2026-04-22 21:15:47,355 P811829 INFO Evaluation @epoch 1 - batch 15631: 
2026-04-22 21:23:34,636 P811829 INFO [Task: is_click][Metrics] AUC: 0.782197 - logloss: 0.562297 - gAUC: 0.681719
2026-04-22 21:23:46,224 P811829 INFO [Task: is_follow][Metrics] AUC: 0.881045 - logloss: 0.006362 - gAUC: 0.618502
2026-04-22 21:23:59,001 P811829 INFO [Task: is_like][Metrics] AUC: 0.929422 - logloss: 0.053546 - gAUC: 0.681885
2026-04-22 21:24:10,863 P811829 INFO [Task: is_comment][Metrics] AUC: 0.894465 - logloss: 0.015546 - gAUC: 0.651578
2026-04-22 21:24:22,469 P811829 INFO [Task: is_forward][Metrics] AUC: 0.857781 - logloss: 0.005704 - gAUC: 0.607115
2026-04-22 21:24:36,027 P811829 INFO [Task: long_view][Metrics] AUC: 0.798498 - logloss: 0.465656 - gAUC: 0.708772
2026-04-22 21:24:39,139 P811829 INFO Save best model: monitor(max)=1.515497
2026-04-22 21:24:43,299 P811829 INFO ************ Epoch=1 end ************
2026-04-22 21:24:43,300 P811829 INFO Training finished.
2026-04-22 21:24:43,300 P811829 INFO Load best model: /mnt/data00/lhh/code/UniRank/checkpoints/KuaiRand_Video_Action/OneTrans_KuaiRand_Video_Action.model
2026-04-22 21:24:45,127 P811829 INFO ******** Test evaluation ********
2026-04-22 21:24:45,127 P811829 INFO Loading datasets...
2026-04-22 21:26:06,365 P811829 INFO Test samples: total/16509671, blocks/1
2026-04-22 21:26:06,365 P811829 INFO Loading test data done.
2026-04-22 21:33:34,803 P811829 INFO [Task: is_click][Metrics] logloss: 0.568246 - AUC: 0.781551 - gAUC: 0.681643
2026-04-22 21:33:46,678 P811829 INFO [Task: is_follow][Metrics] logloss: 0.006199 - AUC: 0.881073 - gAUC: 0.629217
2026-04-22 21:33:58,960 P811829 INFO [Task: is_like][Metrics] logloss: 0.054190 - AUC: 0.927433 - gAUC: 0.679404
2026-04-22 21:34:12,758 P811829 INFO [Task: is_comment][Metrics] logloss: 0.015528 - AUC: 0.895439 - gAUC: 0.654200
2026-04-22 21:34:23,944 P811829 INFO [Task: is_forward][Metrics] logloss: 0.005995 - AUC: 0.860458 - gAUC: 0.607441
2026-04-22 21:34:37,075 P811829 INFO [Task: long_view][Metrics] logloss: 0.471579 - AUC: 0.796802 - gAUC: 0.707267
