2026-04-15 14:21:00,730 P350022 INFO FuxiCTR version: 2.3.7
2026-04-15 14:21:00,730 P350022 INFO Params: {
    "accumulation_steps": "1",
    "attention_dropout": "0",
    "attention_hidden_activations": "Dice",
    "attention_hidden_units": "[256, 128]",
    "attention_output_activation": "None",
    "batch_norm": "False",
    "batch_size": "8192",
    "data_format": "parquet",
    "data_root": "./data/",
    "dataset_id": "KuaiRand_Video_Action",
    "debug_mode": "False",
    "din_use_softmax": "False",
    "distributed": "True",
    "early_stop_patience": "2",
    "embedding_dim": "16",
    "embedding_regularizer": "0",
    "enable_bf16": "True",
    "epochs": "1",
    "eval_steps": "None",
    "expansion_factor": "2",
    "feature_cols": "[{'name': 'user_index', 'active': True, 'dtype': 'int', 'type': 'meta'}, {'name': 'item_index', 'active': True, 'dtype': 'int', 'type': 'meta'}, {'name': 'seq_len', 'active': True, 'dtype': 'int', 'type': 'meta'}, {'name': 'user_id', 'active': True, 'dtype': 'str', 'type': 'categorical', 'vocab_size': 27286}, {'name': 'item_id', 'active': True, 'dtype': 'str', 'type': 'categorical', 'vocab_size': 32038726, 'source': 'item'}, {'name': 'video_type', 'active': True, 'dtype': 'str', 'type': 'categorical', 'vocab_size': 4, 'source': 'item'}, {'name': 'primary_tag', 'active': True, 'dtype': 'str', 'type': 'categorical', 'vocab_size': 60, 'source': 'item'}, {'name': 'music_type', 'active': True, 'dtype': 'str', 'type': 'categorical', 'vocab_size': 8, 'source': 'item'}, {'name': 'duration_bucket', 'active': True, 'dtype': 'str', 'type': 'categorical', 'vocab_size': 8, 'source': 'item'}, {'name': 'user_active_degree', 'active': True, 'dtype': 'str', 'type': 'categorical', 'vocab_size': 11}, {'name': 'is_lowactive_period', 'active': True, 'dtype': 'str', 'type': 'categorical', 'vocab_size': 3}, {'name': 'is_live_streamer', 'active': True, 'dtype': 'str', 'type': 'categorical', 'vocab_size': 4}, {'name': 'is_video_author', 'active': True, 'dtype': 'str', 'type': 'categorical', 'vocab_size': 4}, {'name': 'follow_user_num_range', 'active': True, 'dtype': 'str', 'type': 'categorical', 'vocab_size': 10}, {'name': 'fans_user_num_range', 'active': True, 'dtype': 'str', 'type': 'categorical', 'vocab_size': 11}, {'name': 'friend_user_num_range', 'active': True, 'dtype': 'str', 'type': 'categorical', 'vocab_size': 9}, {'name': 'register_days_range', 'active': True, 'dtype': 'str', 'type': 'categorical', 'vocab_size': 10}, {'name': 'onehot_feat0', 'active': True, 'dtype': 'str', 'type': 'categorical', 'vocab_size': 4}, {'name': 'onehot_feat1', 'active': True, 'dtype': 'str', 'type': 'categorical', 'vocab_size': 9}, {'name': 'onehot_feat2', 'active': True, 'dtype': 'str', 'type': 'categorical', 'vocab_size': 52}, {'name': 'onehot_feat3', 'active': True, 'dtype': 'str', 'type': 'categorical', 'vocab_size': 1473}, {'name': 'onehot_feat4', 'active': True, 'dtype': 'str', 'type': 'categorical', 'vocab_size': 17}, {'name': 'onehot_feat5', 'active': True, 'dtype': 'str', 'type': 'categorical', 'vocab_size': 36}, {'name': 'onehot_feat6', 'active': True, 'dtype': 'str', 'type': 'categorical', 'vocab_size': 5}, {'name': 'onehot_feat7', 'active': True, 'dtype': 'str', 'type': 'categorical', 'vocab_size': 120}, {'name': 'onehot_feat8', 'active': True, 'dtype': 'str', 'type': 'categorical', 'vocab_size': 456}, {'name': 'onehot_feat9', 'active': True, 'dtype': 'str', 'type': 'categorical', 'vocab_size': 9}, {'name': 'onehot_feat10', 'active': True, 'dtype': 'str', 'type': 'categorical', 'vocab_size': 7}, {'name': 'onehot_feat11', 'active': True, 'dtype': 'str', 'type': 'categorical', 'vocab_size': 7}, {'name': 'onehot_feat12', 'active': True, 'dtype': 'str', 'type': 'categorical', 'vocab_size': 4}, {'name': 'onehot_feat13', 'active': True, 'dtype': 'str', 'type': 'categorical', 'vocab_size': 4}, {'name': 'onehot_feat14', 'active': True, 'dtype': 'str', 'type': 'categorical', 'vocab_size': 4}, {'name': 'onehot_feat15', 'active': True, 'dtype': 'str', 'type': 'categorical', 'vocab_size': 4}, {'name': 'onehot_feat16', 'active': True, 'dtype': 'str', 'type': 'categorical', 'vocab_size': 4}, {'name': 'onehot_feat17', 'active': True, 'dtype': 'str', 'type': 'categorical', 'vocab_size': 4}, {'name': 'tab', 'active': True, 'dtype': 'str', 'type': 'categorical', 'vocab_size': 16}, {'name': 'day_of_week', 'active': True, 'dtype': 'str', 'type': 'categorical', 'vocab_size': 8}, {'name': 'is_weekend', 'active': True, 'dtype': 'str', 'type': 'categorical', 'vocab_size': 3}, {'name': 'hour', 'active': True, 'dtype': 'str', 'type': 'categorical', 'vocab_size': 25}, {'name': 'action', 'active': True, 'dtype': 'str', 'type': 'categorical', 'vocab_size': 65, 'source': 'action'}]",
    "feature_config": "None",
    "feature_specs": "None",
    "global_rank": "64",
    "gpu": "0",
    "group_id": "user_index",
    "item_info": "./data/KuaiRand_Video_Action/item_info.parquet",
    "label_col": "[{'name': 'is_click', 'dtype': 'float'}, {'name': 'is_follow', 'dtype': 'float'}, {'name': 'is_like', 'dtype': 'float'}, {'name': 'is_comment', 'dtype': 'float'}, {'name': 'is_forward', 'dtype': 'float'}, {'name': 'long_view', 'dtype': 'float'}]",
    "learning_rate": "0.001",
    "local_rank": "0",
    "loss": "['binary_crossentropy', 'binary_crossentropy', 'binary_crossentropy', 'binary_crossentropy', 'binary_crossentropy', 'binary_crossentropy']",
    "max_len": "100",
    "metrics": "['logloss', 'AUC', 'gAUC']",
    "model": "UniMixer",
    "model_id": "UniMixer_KuaiRand_Video_Action",
    "model_root": "./checkpoints/",
    "monitor": "{'AUC': 1, 'logloss': 0, 'gAUC': 1}",
    "monitor_mode": "max",
    "net_dropout": "0",
    "net_regularizer": "0",
    "num_basis": "4",
    "num_layers": "3",
    "num_tasks": "6",
    "num_workers": "2",
    "optimizer": "adam",
    "pickle_feature_encoder": "True",
    "rank": "0",
    "rebuild_dataset": "False",
    "save_best_only": "True",
    "seed": "20262027",
    "shuffle": "True",
    "sinkhorn_iter": "5",
    "task": "binary_classification",
    "test_data": "./data/KuaiRand_Video_Action/test.parquet",
    "token_dim": "256",
    "tower_activations": "ReLU",
    "tower_hidden_units": "[128, 64]",
    "train_data": "./data/KuaiRand_Video_Action/train.parquet",
    "use_features": "None",
    "user_info": "./data/KuaiRand_Video_Action/user_info.parquet",
    "valid_data": "./data/KuaiRand_Video_Action/valid.parquet",
    "verbose": "1",
    "world_size": "2"
}
2026-04-15 14:21:00,731 P350022 INFO Set up feature processor...
2026-04-15 14:21:00,732 P350022 INFO Fit feature processor...
2026-04-15 14:21:00,732 P350022 INFO Processing column: {'name': 'user_index', 'active': True, 'dtype': 'int', 'type': 'meta'}
2026-04-15 14:21:00,732 P350022 INFO Processing column: {'name': 'item_index', 'active': True, 'dtype': 'int', 'type': 'meta'}
2026-04-15 14:21:00,732 P350022 INFO Processing column: {'name': 'seq_len', 'active': True, 'dtype': 'int', 'type': 'meta'}
2026-04-15 14:21:00,732 P350022 INFO Processing column: {'name': 'user_id', 'active': True, 'dtype': 'str', 'type': 'categorical', 'vocab_size': 27286}
2026-04-15 14:21:00,738 P350022 INFO Processing column: {'name': 'item_id', 'active': True, 'dtype': 'str', 'type': 'categorical', 'vocab_size': 32038726, 'source': 'item'}
2026-04-15 14:21:09,021 P350022 INFO Processing column: {'name': 'video_type', 'active': True, 'dtype': 'str', 'type': 'categorical', 'vocab_size': 4, 'source': 'item'}
2026-04-15 14:21:09,022 P350022 INFO Processing column: {'name': 'primary_tag', 'active': True, 'dtype': 'str', 'type': 'categorical', 'vocab_size': 60, 'source': 'item'}
2026-04-15 14:21:09,022 P350022 INFO Processing column: {'name': 'music_type', 'active': True, 'dtype': 'str', 'type': 'categorical', 'vocab_size': 8, 'source': 'item'}
2026-04-15 14:21:09,022 P350022 INFO Processing column: {'name': 'duration_bucket', 'active': True, 'dtype': 'str', 'type': 'categorical', 'vocab_size': 8, 'source': 'item'}
2026-04-15 14:21:09,022 P350022 INFO Processing column: {'name': 'user_active_degree', 'active': True, 'dtype': 'str', 'type': 'categorical', 'vocab_size': 11}
2026-04-15 14:21:09,022 P350022 INFO Processing column: {'name': 'is_lowactive_period', 'active': True, 'dtype': 'str', 'type': 'categorical', 'vocab_size': 3}
2026-04-15 14:21:09,022 P350022 INFO Processing column: {'name': 'is_live_streamer', 'active': True, 'dtype': 'str', 'type': 'categorical', 'vocab_size': 4}
2026-04-15 14:21:09,022 P350022 INFO Processing column: {'name': 'is_video_author', 'active': True, 'dtype': 'str', 'type': 'categorical', 'vocab_size': 4}
2026-04-15 14:21:09,022 P350022 INFO Processing column: {'name': 'follow_user_num_range', 'active': True, 'dtype': 'str', 'type': 'categorical', 'vocab_size': 10}
2026-04-15 14:21:09,022 P350022 INFO Processing column: {'name': 'fans_user_num_range', 'active': True, 'dtype': 'str', 'type': 'categorical', 'vocab_size': 11}
2026-04-15 14:21:09,022 P350022 INFO Processing column: {'name': 'friend_user_num_range', 'active': True, 'dtype': 'str', 'type': 'categorical', 'vocab_size': 9}
2026-04-15 14:21:09,022 P350022 INFO Processing column: {'name': 'register_days_range', 'active': True, 'dtype': 'str', 'type': 'categorical', 'vocab_size': 10}
2026-04-15 14:21:09,022 P350022 INFO Processing column: {'name': 'onehot_feat0', 'active': True, 'dtype': 'str', 'type': 'categorical', 'vocab_size': 4}
2026-04-15 14:21:09,022 P350022 INFO Processing column: {'name': 'onehot_feat1', 'active': True, 'dtype': 'str', 'type': 'categorical', 'vocab_size': 9}
2026-04-15 14:21:09,022 P350022 INFO Processing column: {'name': 'onehot_feat2', 'active': True, 'dtype': 'str', 'type': 'categorical', 'vocab_size': 52}
2026-04-15 14:21:09,022 P350022 INFO Processing column: {'name': 'onehot_feat3', 'active': True, 'dtype': 'str', 'type': 'categorical', 'vocab_size': 1473}
2026-04-15 14:21:09,023 P350022 INFO Processing column: {'name': 'onehot_feat4', 'active': True, 'dtype': 'str', 'type': 'categorical', 'vocab_size': 17}
2026-04-15 14:21:09,023 P350022 INFO Processing column: {'name': 'onehot_feat5', 'active': True, 'dtype': 'str', 'type': 'categorical', 'vocab_size': 36}
2026-04-15 14:21:09,023 P350022 INFO Processing column: {'name': 'onehot_feat6', 'active': True, 'dtype': 'str', 'type': 'categorical', 'vocab_size': 5}
2026-04-15 14:21:09,023 P350022 INFO Processing column: {'name': 'onehot_feat7', 'active': True, 'dtype': 'str', 'type': 'categorical', 'vocab_size': 120}
2026-04-15 14:21:09,023 P350022 INFO Processing column: {'name': 'onehot_feat8', 'active': True, 'dtype': 'str', 'type': 'categorical', 'vocab_size': 456}
2026-04-15 14:21:09,023 P350022 INFO Processing column: {'name': 'onehot_feat9', 'active': True, 'dtype': 'str', 'type': 'categorical', 'vocab_size': 9}
2026-04-15 14:21:09,023 P350022 INFO Processing column: {'name': 'onehot_feat10', 'active': True, 'dtype': 'str', 'type': 'categorical', 'vocab_size': 7}
2026-04-15 14:21:09,023 P350022 INFO Processing column: {'name': 'onehot_feat11', 'active': True, 'dtype': 'str', 'type': 'categorical', 'vocab_size': 7}
2026-04-15 14:21:09,023 P350022 INFO Processing column: {'name': 'onehot_feat12', 'active': True, 'dtype': 'str', 'type': 'categorical', 'vocab_size': 4}
2026-04-15 14:21:09,024 P350022 INFO Processing column: {'name': 'onehot_feat13', 'active': True, 'dtype': 'str', 'type': 'categorical', 'vocab_size': 4}
2026-04-15 14:21:09,024 P350022 INFO Processing column: {'name': 'onehot_feat14', 'active': True, 'dtype': 'str', 'type': 'categorical', 'vocab_size': 4}
2026-04-15 14:21:09,024 P350022 INFO Processing column: {'name': 'onehot_feat15', 'active': True, 'dtype': 'str', 'type': 'categorical', 'vocab_size': 4}
2026-04-15 14:21:09,024 P350022 INFO Processing column: {'name': 'onehot_feat16', 'active': True, 'dtype': 'str', 'type': 'categorical', 'vocab_size': 4}
2026-04-15 14:21:09,024 P350022 INFO Processing column: {'name': 'onehot_feat17', 'active': True, 'dtype': 'str', 'type': 'categorical', 'vocab_size': 4}
2026-04-15 14:21:09,024 P350022 INFO Processing column: {'name': 'tab', 'active': True, 'dtype': 'str', 'type': 'categorical', 'vocab_size': 16}
2026-04-15 14:21:09,024 P350022 INFO Processing column: {'name': 'day_of_week', 'active': True, 'dtype': 'str', 'type': 'categorical', 'vocab_size': 8}
2026-04-15 14:21:09,024 P350022 INFO Processing column: {'name': 'is_weekend', 'active': True, 'dtype': 'str', 'type': 'categorical', 'vocab_size': 3}
2026-04-15 14:21:09,024 P350022 INFO Processing column: {'name': 'hour', 'active': True, 'dtype': 'str', 'type': 'categorical', 'vocab_size': 25}
2026-04-15 14:21:09,024 P350022 INFO Processing column: {'name': 'action', 'active': True, 'dtype': 'str', 'type': 'categorical', 'vocab_size': 65, 'source': 'action'}
2026-04-15 14:21:09,024 P350022 INFO Set column index...
2026-04-15 14:21:09,024 P350022 INFO Save feature_map to json: ./data/KuaiRand_Video_Action/feature_map.json
2026-04-15 14:21:09,025 P350022 INFO Pickle feature_encode: ./data/KuaiRand_Video_Action/feature_processor.pkl
2026-04-15 14:21:10,352 P350022 INFO Save feature_vocab to json: ./data/KuaiRand_Video_Action/feature_vocab.json
2026-04-15 14:21:51,117 P350022 INFO Set feature processor done.
2026-04-15 14:21:51,129 P350022 INFO Load feature_map from json: ./data/KuaiRand_Video_Action/feature_map.json
2026-04-15 14:21:51,129 P350022 INFO Set column index...
2026-04-15 14:21:51,130 P350022 INFO Feature specs: {
    "action": "{'source': 'action', 'type': 'categorical', 'padding_idx': 0, 'vocab_size': 65}",
    "day_of_week": "{'source': '', 'type': 'categorical', 'padding_idx': 0, 'vocab_size': 8}",
    "duration_bucket": "{'source': 'item', 'type': 'categorical', 'padding_idx': 0, 'vocab_size': 8}",
    "fans_user_num_range": "{'source': '', 'type': 'categorical', 'padding_idx': 0, 'vocab_size': 11}",
    "follow_user_num_range": "{'source': '', 'type': 'categorical', 'padding_idx': 0, 'vocab_size': 10}",
    "friend_user_num_range": "{'source': '', 'type': 'categorical', 'padding_idx': 0, 'vocab_size': 9}",
    "hour": "{'source': '', 'type': 'categorical', 'padding_idx': 0, 'vocab_size': 25}",
    "is_live_streamer": "{'source': '', 'type': 'categorical', 'padding_idx': 0, 'vocab_size': 4}",
    "is_lowactive_period": "{'source': '', 'type': 'categorical', 'padding_idx': 0, 'vocab_size': 3}",
    "is_video_author": "{'source': '', 'type': 'categorical', 'padding_idx': 0, 'vocab_size': 4}",
    "is_weekend": "{'source': '', 'type': 'categorical', 'padding_idx': 0, 'vocab_size': 3}",
    "item_id": "{'source': 'item', 'type': 'categorical', 'padding_idx': 0, 'vocab_size': 32038726}",
    "item_index": "{'type': 'meta'}",
    "music_type": "{'source': 'item', 'type': 'categorical', 'padding_idx': 0, 'vocab_size': 8}",
    "onehot_feat0": "{'source': '', 'type': 'categorical', 'padding_idx': 0, 'vocab_size': 4}",
    "onehot_feat1": "{'source': '', 'type': 'categorical', 'padding_idx': 0, 'vocab_size': 9}",
    "onehot_feat10": "{'source': '', 'type': 'categorical', 'padding_idx': 0, 'vocab_size': 7}",
    "onehot_feat11": "{'source': '', 'type': 'categorical', 'padding_idx': 0, 'vocab_size': 7}",
    "onehot_feat12": "{'source': '', 'type': 'categorical', 'padding_idx': 0, 'vocab_size': 4}",
    "onehot_feat13": "{'source': '', 'type': 'categorical', 'padding_idx': 0, 'vocab_size': 4}",
    "onehot_feat14": "{'source': '', 'type': 'categorical', 'padding_idx': 0, 'vocab_size': 4}",
    "onehot_feat15": "{'source': '', 'type': 'categorical', 'padding_idx': 0, 'vocab_size': 4}",
    "onehot_feat16": "{'source': '', 'type': 'categorical', 'padding_idx': 0, 'vocab_size': 4}",
    "onehot_feat17": "{'source': '', 'type': 'categorical', 'padding_idx': 0, 'vocab_size': 4}",
    "onehot_feat2": "{'source': '', 'type': 'categorical', 'padding_idx': 0, 'vocab_size': 52}",
    "onehot_feat3": "{'source': '', 'type': 'categorical', 'padding_idx': 0, 'vocab_size': 1473}",
    "onehot_feat4": "{'source': '', 'type': 'categorical', 'padding_idx': 0, 'vocab_size': 17}",
    "onehot_feat5": "{'source': '', 'type': 'categorical', 'padding_idx': 0, 'vocab_size': 36}",
    "onehot_feat6": "{'source': '', 'type': 'categorical', 'padding_idx': 0, 'vocab_size': 5}",
    "onehot_feat7": "{'source': '', 'type': 'categorical', 'padding_idx': 0, 'vocab_size': 120}",
    "onehot_feat8": "{'source': '', 'type': 'categorical', 'padding_idx': 0, 'vocab_size': 456}",
    "onehot_feat9": "{'source': '', 'type': 'categorical', 'padding_idx': 0, 'vocab_size': 9}",
    "primary_tag": "{'source': 'item', 'type': 'categorical', 'padding_idx': 0, 'vocab_size': 60}",
    "register_days_range": "{'source': '', 'type': 'categorical', 'padding_idx': 0, 'vocab_size': 10}",
    "seq_len": "{'type': 'meta'}",
    "tab": "{'source': '', 'type': 'categorical', 'padding_idx': 0, 'vocab_size': 16}",
    "user_active_degree": "{'source': '', 'type': 'categorical', 'padding_idx': 0, 'vocab_size': 11}",
    "user_id": "{'source': '', 'type': 'categorical', 'padding_idx': 0, 'vocab_size': 27286}",
    "user_index": "{'type': 'meta'}",
    "video_type": "{'source': 'item', 'type': 'categorical', 'padding_idx': 0, 'vocab_size': 4}"
}
2026-04-15 14:22:01,266 P350022 INFO Total number of parameters: 565511595.
2026-04-15 14:22:01,266 P350022 INFO Number of embedding parameters: 513095840.
2026-04-15 14:22:01,266 P350022 INFO Number of dense parameters: 52415755.
2026-04-15 14:22:01,266 P350022 INFO Loading datasets...
2026-04-15 14:24:26,635 P350022 INFO Train samples: total/128055117, blocks/1
2026-04-15 14:25:11,448 P350022 INFO Validation samples: total/17167435, blocks/1
2026-04-15 14:25:11,448 P350022 INFO Loading train and validation data done.
2026-04-15 14:26:08,137 P350022 INFO BF16 mixed precision: True
2026-04-15 14:26:08,137 P350022 INFO Start training: 15631 batches/epoch
2026-04-15 14:26:08,137 P350022 INFO ************ Epoch=1 start ************
2026-04-15 18:16:13,390 P350022 INFO Train loss: 0.999183
2026-04-15 18:16:13,391 P350022 INFO Evaluation @epoch 1 - batch 15631: 
2026-04-15 18:26:15,355 P350022 INFO [Task: is_click][Metrics] AUC: 0.783237 - logloss: 0.540216 - gAUC: 0.674830
2026-04-15 18:26:26,770 P350022 INFO [Task: is_follow][Metrics] AUC: 0.891938 - logloss: 0.006273 - gAUC: 0.656228
2026-04-15 18:26:39,361 P350022 INFO [Task: is_like][Metrics] AUC: 0.929906 - logloss: 0.055764 - gAUC: 0.687948
2026-04-15 18:26:50,913 P350022 INFO [Task: is_comment][Metrics] AUC: 0.899143 - logloss: 0.014872 - gAUC: 0.656712
2026-04-15 18:27:02,336 P350022 INFO [Task: is_forward][Metrics] AUC: 0.874227 - logloss: 0.005481 - gAUC: 0.620522
2026-04-15 18:27:15,666 P350022 INFO [Task: long_view][Metrics] AUC: 0.800636 - logloss: 0.453701 - gAUC: 0.708358
2026-04-15 18:27:18,711 P350022 INFO Save best model: monitor(max)=1.530614
2026-04-15 18:27:25,704 P350022 INFO ************ Epoch=1 end ************
2026-04-15 18:27:25,704 P350022 INFO Training finished.
2026-04-15 18:27:25,704 P350022 INFO Load best model: /mnt/data00/lhh/code/UniRank/checkpoints/KuaiRand_Video_Action/UniMixer_KuaiRand_Video_Action.model
2026-04-15 18:27:27,653 P350022 INFO ******** Test evaluation ********
2026-04-15 18:27:27,653 P350022 INFO Loading datasets...
2026-04-15 19:01:30,476 P350022 INFO Test samples: total/16509671, blocks/1
2026-04-15 19:01:30,477 P350022 INFO Loading test data done.
2026-04-15 19:11:22,277 P350022 INFO [Task: is_click][Metrics] logloss: 0.540890 - AUC: 0.783161 - gAUC: 0.674910
2026-04-15 19:12:00,419 P350022 INFO [Task: is_follow][Metrics] logloss: 0.006090 - AUC: 0.889481 - gAUC: 0.650116
2026-04-15 19:12:37,619 P350022 INFO [Task: is_like][Metrics] logloss: 0.056141 - AUC: 0.928639 - gAUC: 0.682192
2026-04-15 19:13:11,909 P350022 INFO [Task: is_comment][Metrics] logloss: 0.014727 - AUC: 0.898311 - gAUC: 0.658816
2026-04-15 19:13:50,192 P350022 INFO [Task: is_forward][Metrics] logloss: 0.005687 - AUC: 0.874065 - gAUC: 0.624010
2026-04-15 19:14:48,384 P350022 INFO [Task: long_view][Metrics] logloss: 0.455075 - AUC: 0.800572 - gAUC: 0.708541
