2026-04-07 20:35:37,801 P2524162 INFO FuxiCTR version: 2.3.7
2026-04-07 20:35:37,801 P2524162 INFO Params: {
    "accumulation_steps": "1",
    "attention_dropout": "0",
    "attention_hidden_activations": "Dice",
    "attention_hidden_units": "[256, 128]",
    "attention_output_activation": "None",
    "batch_norm": "True",
    "batch_size": "8192",
    "data_format": "parquet",
    "data_root": "./data/",
    "dataset_id": "QK_Video_Action",
    "debug_mode": "False",
    "din_use_softmax": "False",
    "distributed": "True",
    "dnn_activations": "ReLU",
    "dnn_hidden_units": "[400, 400, 400]",
    "early_stop_patience": "2",
    "embedding_dim": "16",
    "embedding_regularizer": "0",
    "enable_bf16": "True",
    "epochs": "1",
    "eval_steps": "None",
    "feature_cols": "[{'name': 'user_index', 'active': True, 'dtype': 'int', 'type': 'meta'}, {'name': 'item_index', 'active': True, 'dtype': 'int', 'type': 'meta'}, {'name': 'seq_len', 'active': True, 'dtype': 'int', 'type': 'meta'}, {'name': 'user_id', 'active': True, 'dtype': 'str', 'type': 'categorical', 'vocab_size': 4996177}, {'name': 'item_id', 'active': True, 'dtype': 'str', 'type': 'categorical', 'vocab_size': 3753437, 'source': 'item'}, {'name': 'video_category', 'active': True, 'dtype': 'str', 'type': 'categorical', 'vocab_size': 4, 'source': 'item'}, {'name': 'watching_times', 'active': True, 'dtype': 'str', 'type': 'categorical', 'vocab_size': 637}, {'name': 'gender', 'active': True, 'dtype': 'str', 'type': 'categorical', 'vocab_size': 4}, {'name': 'age', 'active': True, 'dtype': 'str', 'type': 'categorical', 'vocab_size': 9}, {'name': 'action', 'active': True, 'dtype': 'str', 'type': 'categorical', 'vocab_size': 17, 'source': 'action'}]",
    "feature_config": "None",
    "feature_specs": "None",
    "gpu": "0",
    "group_id": "user_index",
    "item_info": "./data/QK_Video_Action_Seq/item_info.parquet",
    "label_col": "[{'name': 'click', 'dtype': 'float'}, {'name': 'follow', 'dtype': 'float'}, {'name': 'like', 'dtype': 'float'}, {'name': 'share', 'dtype': 'float'}]",
    "learning_rate": "0.001",
    "local_rank": "0",
    "loss": "['binary_crossentropy', 'binary_crossentropy', 'binary_crossentropy', 'binary_crossentropy']",
    "max_len": "100",
    "metrics": "['logloss', 'AUC', 'gAUC']",
    "model": "DIN",
    "model_id": "DIN_QK_Video_Action",
    "model_root": "./checkpoints/",
    "monitor": "{'AUC': 1, 'logloss': 0, 'gAUC': 1}",
    "monitor_mode": "max",
    "net_dropout": "0",
    "net_regularizer": "0",
    "num_tasks": "4",
    "num_workers": "4",
    "optimizer": "adam",
    "pickle_feature_encoder": "True",
    "rank": "0",
    "rebuild_dataset": "False",
    "save_best_only": "True",
    "seed": "20262027",
    "shuffle": "True",
    "task": "binary_classification",
    "test_data": "./data/QK_Video_Action_Seq/test.parquet",
    "tower_activations": "ReLU",
    "tower_hidden_units": "[128, 64]",
    "train_data": "./data/QK_Video_Action_Seq/train.parquet",
    "use_features": "None",
    "user_info": "./data/QK_Video_Action_Seq/user_info.parquet",
    "valid_data": "./data/QK_Video_Action_Seq/valid.parquet",
    "verbose": "1",
    "world_size": "2"
}
2026-04-07 20:35:37,802 P2524162 INFO Set up feature processor...
2026-04-07 20:35:37,802 P2524162 INFO Fit feature processor...
2026-04-07 20:35:37,802 P2524162 INFO Processing column: {'name': 'user_index', 'active': True, 'dtype': 'int', 'type': 'meta'}
2026-04-07 20:35:37,802 P2524162 INFO Processing column: {'name': 'item_index', 'active': True, 'dtype': 'int', 'type': 'meta'}
2026-04-07 20:35:37,802 P2524162 INFO Processing column: {'name': 'seq_len', 'active': True, 'dtype': 'int', 'type': 'meta'}
2026-04-07 20:35:37,802 P2524162 INFO Processing column: {'name': 'user_id', 'active': True, 'dtype': 'str', 'type': 'categorical', 'vocab_size': 4996177}
2026-04-07 20:35:39,063 P2524162 INFO Processing column: {'name': 'item_id', 'active': True, 'dtype': 'str', 'type': 'categorical', 'vocab_size': 3753437, 'source': 'item'}
2026-04-07 20:35:40,050 P2524162 INFO Processing column: {'name': 'video_category', 'active': True, 'dtype': 'str', 'type': 'categorical', 'vocab_size': 4, 'source': 'item'}
2026-04-07 20:35:40,050 P2524162 INFO Processing column: {'name': 'watching_times', 'active': True, 'dtype': 'str', 'type': 'categorical', 'vocab_size': 637}
2026-04-07 20:35:40,050 P2524162 INFO Processing column: {'name': 'gender', 'active': True, 'dtype': 'str', 'type': 'categorical', 'vocab_size': 4}
2026-04-07 20:35:40,050 P2524162 INFO Processing column: {'name': 'age', 'active': True, 'dtype': 'str', 'type': 'categorical', 'vocab_size': 9}
2026-04-07 20:35:40,050 P2524162 INFO Processing column: {'name': 'action', 'active': True, 'dtype': 'str', 'type': 'categorical', 'vocab_size': 17, 'source': 'action'}
2026-04-07 20:35:40,051 P2524162 INFO Set column index...
2026-04-07 20:35:40,051 P2524162 INFO Save feature_map to json: ./data/QK_Video_Action/feature_map.json
2026-04-07 20:35:40,051 P2524162 INFO Pickle feature_encode: ./data/QK_Video_Action/feature_processor.pkl
2026-04-07 20:35:40,448 P2524162 INFO Save feature_vocab to json: ./data/QK_Video_Action/feature_vocab.json
2026-04-07 20:35:51,782 P2524162 INFO Set feature processor done.
2026-04-07 20:35:51,795 P2524162 INFO Load feature_map from json: ./data/QK_Video_Action/feature_map.json
2026-04-07 20:35:51,795 P2524162 INFO Set column index...
2026-04-07 20:35:51,795 P2524162 INFO Feature specs: {
    "action": "{'source': 'action', 'type': 'categorical', 'padding_idx': 0, 'vocab_size': 17}",
    "age": "{'source': '', 'type': 'categorical', 'padding_idx': 0, 'vocab_size': 9}",
    "gender": "{'source': '', 'type': 'categorical', 'padding_idx': 0, 'vocab_size': 4}",
    "item_id": "{'source': 'item', 'type': 'categorical', 'padding_idx': 0, 'vocab_size': 3753437}",
    "item_index": "{'type': 'meta'}",
    "seq_len": "{'type': 'meta'}",
    "user_id": "{'source': '', 'type': 'categorical', 'padding_idx': 0, 'vocab_size': 4996177}",
    "user_index": "{'type': 'meta'}",
    "video_category": "{'source': 'item', 'type': 'categorical', 'padding_idx': 0, 'vocab_size': 4}",
    "watching_times": "{'source': '', 'type': 'categorical', 'padding_idx': 0, 'vocab_size': 637}"
}
2026-04-07 20:35:55,359 P2524162 INFO Total number of parameters: 140715109.
2026-04-07 20:35:55,359 P2524162 INFO Number of embedding parameters: 140004560.
2026-04-07 20:35:55,359 P2524162 INFO Number of dense parameters: 710549.
2026-04-07 20:35:55,359 P2524162 INFO Loading datasets...
2026-04-07 20:37:04,537 P2524162 INFO Train samples: total/197323659, blocks/1
2026-04-07 20:37:23,535 P2524162 INFO Validation samples: total/25039514, blocks/1
2026-04-07 20:37:23,535 P2524162 INFO Loading train and validation data done.
2026-04-07 20:37:23,635 P2524162 INFO BF16 mixed precision: True
2026-04-07 20:37:23,635 P2524162 INFO Start training: 24087 batches/epoch
2026-04-07 20:37:23,635 P2524162 INFO ************ Epoch=1 start ************
2026-04-07 21:57:43,478 P2524162 INFO Train loss: 0.423053
2026-04-07 21:57:43,478 P2524162 INFO Evaluation @epoch 1 - batch 24087: 
2026-04-07 22:03:50,006 P2524162 INFO [Task: click][Metrics] AUC: 0.922048 - logloss: 0.300596 - gAUC: 0.875018
2026-04-07 22:04:34,533 P2524162 INFO [Task: follow][Metrics] AUC: 0.918006 - logloss: 0.006938 - gAUC: 0.686585
2026-04-07 22:05:28,947 P2524162 INFO [Task: like][Metrics] AUC: 0.946368 - logloss: 0.047884 - gAUC: 0.677951
2026-04-07 22:06:13,723 P2524162 INFO [Task: share][Metrics] AUC: 0.926539 - logloss: 0.007545 - gAUC: 0.810958
2026-04-07 22:06:16,781 P2524162 INFO Save best model: monitor(max)=1.690868
2026-04-07 22:06:19,399 P2524162 INFO ************ Epoch=1 end ************
2026-04-07 22:06:19,399 P2524162 INFO Training finished.
2026-04-07 22:06:19,400 P2524162 INFO Load best model: /mnt/data00/lhh/code/UniRank/checkpoints/QK_Video_Action/DIN_QK_Video_Action.model
2026-04-07 22:06:21,927 P2524162 INFO ******** Test evaluation ********
2026-04-07 22:06:21,927 P2524162 INFO Loading datasets...
2026-04-07 22:06:52,741 P2524162 INFO Test samples: total/24289979, blocks/1
2026-04-07 22:06:52,742 P2524162 INFO Loading test data done.
2026-04-07 22:12:38,422 P2524162 INFO [Task: click][Metrics] logloss: 0.251033 - AUC: 0.934353 - gAUC: 0.890171
2026-04-07 22:13:25,032 P2524162 INFO [Task: follow][Metrics] logloss: 0.005056 - AUC: 0.923687 - gAUC: 0.704036
2026-04-07 22:14:19,370 P2524162 INFO [Task: like][Metrics] logloss: 0.036868 - AUC: 0.949066 - gAUC: 0.694001
2026-04-07 22:15:05,951 P2524162 INFO [Task: share][Metrics] logloss: 0.005199 - AUC: 0.936762 - gAUC: 0.834361
