2026-04-06 01:17:33,686 P2086626 INFO FuxiCTR version: 2.3.7
2026-04-06 01:17:33,686 P2086626 INFO Params: {
    "accumulation_steps": "1",
    "batch_norm": "False",
    "batch_size": "8192",
    "data_format": "parquet",
    "data_root": "./data/",
    "dataset_id": "QK_Video_Action",
    "debug_mode": "False",
    "distributed": "True",
    "dnn_activations": "ReLU",
    "early_stop_patience": "2",
    "embedding_dim": "16",
    "embedding_regularizer": "0",
    "enable_bf16": "True",
    "epochs": "1",
    "eval_steps": "None",
    "feature_cols": "[{'name': 'user_index', 'active': True, 'dtype': 'int', 'type': 'meta'}, {'name': 'item_index', 'active': True, 'dtype': 'int', 'type': 'meta'}, {'name': 'seq_len', 'active': True, 'dtype': 'int', 'type': 'meta'}, {'name': 'user_id', 'active': True, 'dtype': 'str', 'type': 'categorical', 'vocab_size': 4996177}, {'name': 'item_id', 'active': True, 'dtype': 'str', 'type': 'categorical', 'vocab_size': 3753437, 'source': 'item'}, {'name': 'video_category', 'active': True, 'dtype': 'str', 'type': 'categorical', 'vocab_size': 4, 'source': 'item'}, {'name': 'watching_times', 'active': True, 'dtype': 'str', 'type': 'categorical', 'vocab_size': 637}, {'name': 'gender', 'active': True, 'dtype': 'str', 'type': 'categorical', 'vocab_size': 4}, {'name': 'age', 'active': True, 'dtype': 'str', 'type': 'categorical', 'vocab_size': 9}, {'name': 'action', 'active': True, 'dtype': 'str', 'type': 'categorical', 'vocab_size': 17, 'source': 'action'}]",
    "feature_config": "None",
    "feature_specs": "None",
    "gpu": "0",
    "group_id": "user_index",
    "item_info": "./data/QK_Video_Action_Seq/item_info.parquet",
    "label_col": "[{'name': 'click', 'dtype': 'float'}, {'name': 'follow', 'dtype': 'float'}, {'name': 'like', 'dtype': 'float'}, {'name': 'share', 'dtype': 'float'}]",
    "learning_rate": "0.001",
    "local_rank": "0",
    "loss": "['binary_crossentropy', 'binary_crossentropy', 'binary_crossentropy', 'binary_crossentropy']",
    "max_len": "100",
    "metrics": "['logloss', 'AUC', 'gAUC']",
    "model": "HyFormer",
    "model_id": "HyFormer_QK_Video_Action",
    "model_root": "./checkpoints/",
    "monitor": "{'AUC': 1, 'logloss': 0, 'gAUC': 1}",
    "monitor_mode": "max",
    "net_dropout": "0",
    "net_regularizer": "0",
    "num_global_token": "4",
    "num_heads": "2",
    "num_layers": "3",
    "num_ns_token": "4",
    "num_tasks": "4",
    "num_workers": "4",
    "optimizer": "adam",
    "pickle_feature_encoder": "True",
    "rank": "0",
    "rebuild_dataset": "False",
    "save_best_only": "True",
    "seed": "20262027",
    "shuffle": "True",
    "task": "binary_classification",
    "test_data": "./data/QK_Video_Action_Seq/test.parquet",
    "token_dim": "128",
    "tower_activations": "ReLU",
    "tower_hidden_units": "[128, 64]",
    "train_data": "./data/QK_Video_Action_Seq/train.parquet",
    "use_features": "None",
    "user_info": "./data/QK_Video_Action_Seq/user_info.parquet",
    "valid_data": "./data/QK_Video_Action_Seq/valid.parquet",
    "verbose": "1",
    "world_size": "2"
}
2026-04-06 01:17:33,687 P2086626 INFO Set up feature processor...
2026-04-06 01:17:33,687 P2086626 INFO Fit feature processor...
2026-04-06 01:17:33,687 P2086626 INFO Processing column: {'name': 'user_index', 'active': True, 'dtype': 'int', 'type': 'meta'}
2026-04-06 01:17:33,688 P2086626 INFO Processing column: {'name': 'item_index', 'active': True, 'dtype': 'int', 'type': 'meta'}
2026-04-06 01:17:33,688 P2086626 INFO Processing column: {'name': 'seq_len', 'active': True, 'dtype': 'int', 'type': 'meta'}
2026-04-06 01:17:33,688 P2086626 INFO Processing column: {'name': 'user_id', 'active': True, 'dtype': 'str', 'type': 'categorical', 'vocab_size': 4996177}
2026-04-06 01:17:34,991 P2086626 INFO Processing column: {'name': 'item_id', 'active': True, 'dtype': 'str', 'type': 'categorical', 'vocab_size': 3753437, 'source': 'item'}
2026-04-06 01:17:35,988 P2086626 INFO Processing column: {'name': 'video_category', 'active': True, 'dtype': 'str', 'type': 'categorical', 'vocab_size': 4, 'source': 'item'}
2026-04-06 01:17:35,988 P2086626 INFO Processing column: {'name': 'watching_times', 'active': True, 'dtype': 'str', 'type': 'categorical', 'vocab_size': 637}
2026-04-06 01:17:35,988 P2086626 INFO Processing column: {'name': 'gender', 'active': True, 'dtype': 'str', 'type': 'categorical', 'vocab_size': 4}
2026-04-06 01:17:35,988 P2086626 INFO Processing column: {'name': 'age', 'active': True, 'dtype': 'str', 'type': 'categorical', 'vocab_size': 9}
2026-04-06 01:17:35,988 P2086626 INFO Processing column: {'name': 'action', 'active': True, 'dtype': 'str', 'type': 'categorical', 'vocab_size': 17, 'source': 'action'}
2026-04-06 01:17:35,989 P2086626 INFO Set column index...
2026-04-06 01:17:35,989 P2086626 INFO Save feature_map to json: ./data/QK_Video_Action/feature_map.json
2026-04-06 01:17:35,989 P2086626 INFO Pickle feature_encode: ./data/QK_Video_Action/feature_processor.pkl
2026-04-06 01:17:36,441 P2086626 INFO Save feature_vocab to json: ./data/QK_Video_Action/feature_vocab.json
2026-04-06 01:17:47,901 P2086626 INFO Set feature processor done.
2026-04-06 01:17:47,915 P2086626 INFO Load feature_map from json: ./data/QK_Video_Action/feature_map.json
2026-04-06 01:17:47,915 P2086626 INFO Set column index...
2026-04-06 01:17:47,915 P2086626 INFO Feature specs: {
    "action": "{'source': 'action', 'type': 'categorical', 'padding_idx': 0, 'vocab_size': 17}",
    "age": "{'source': '', 'type': 'categorical', 'padding_idx': 0, 'vocab_size': 9}",
    "gender": "{'source': '', 'type': 'categorical', 'padding_idx': 0, 'vocab_size': 4}",
    "item_id": "{'source': 'item', 'type': 'categorical', 'padding_idx': 0, 'vocab_size': 3753437}",
    "item_index": "{'type': 'meta'}",
    "seq_len": "{'type': 'meta'}",
    "user_id": "{'source': '', 'type': 'categorical', 'padding_idx': 0, 'vocab_size': 4996177}",
    "user_index": "{'type': 'meta'}",
    "video_category": "{'source': 'item', 'type': 'categorical', 'padding_idx': 0, 'vocab_size': 4}",
    "watching_times": "{'source': '', 'type': 'categorical', 'padding_idx': 0, 'vocab_size': 637}"
}
2026-04-06 01:17:51,499 P2086626 INFO Total number of parameters: 143699924.
2026-04-06 01:17:51,499 P2086626 INFO Number of embedding parameters: 140004560.
2026-04-06 01:17:51,499 P2086626 INFO Number of dense parameters: 3695364.
2026-04-06 01:17:51,500 P2086626 INFO Loading datasets...
2026-04-06 01:19:00,180 P2086626 INFO Train samples: total/197323659, blocks/1
2026-04-06 01:19:19,396 P2086626 INFO Validation samples: total/25039514, blocks/1
2026-04-06 01:19:19,396 P2086626 INFO Loading train and validation data done.
2026-04-06 01:19:19,961 P2086626 INFO BF16 mixed precision: True
2026-04-06 01:19:19,961 P2086626 INFO Start training: 24087 batches/epoch
2026-04-06 01:19:19,961 P2086626 INFO ************ Epoch=1 start ************
2026-04-06 04:45:58,760 P2086626 INFO Train loss: 0.417949
2026-04-06 04:45:58,760 P2086626 INFO Evaluation @epoch 1 - batch 24087: 
2026-04-06 05:02:16,389 P2086626 INFO [Task: click][Metrics] AUC: 0.923015 - logloss: 0.299268 - gAUC: 0.875205
2026-04-06 05:03:01,900 P2086626 INFO [Task: follow][Metrics] AUC: 0.921943 - logloss: 0.006849 - gAUC: 0.685738
2026-04-06 05:03:57,200 P2086626 INFO [Task: like][Metrics] AUC: 0.947279 - logloss: 0.047444 - gAUC: 0.680046
2026-04-06 05:04:42,559 P2086626 INFO [Task: share][Metrics] AUC: 0.928070 - logloss: 0.007493 - gAUC: 0.806002
2026-04-06 05:04:45,572 P2086626 INFO Save best model: monitor(max)=1.691824
2026-04-06 05:04:46,731 P2086626 INFO ************ Epoch=1 end ************
2026-04-06 05:04:46,732 P2086626 INFO Training finished.
2026-04-06 05:04:46,732 P2086626 INFO Load best model: /mnt/data00/lhh/code/UniRank/checkpoints/QK_Video_Action/HyFormer_QK_Video_Action.model
2026-04-06 05:04:49,221 P2086626 INFO ******** Test evaluation ********
2026-04-06 05:04:49,222 P2086626 INFO Loading datasets...
2026-04-06 05:05:11,420 P2086626 INFO Test samples: total/24289979, blocks/1
2026-04-06 05:05:11,421 P2086626 INFO Loading test data done.
2026-04-06 05:20:54,856 P2086626 INFO [Task: click][Metrics] logloss: 0.250070 - AUC: 0.935100 - gAUC: 0.890441
2026-04-06 05:21:39,437 P2086626 INFO [Task: follow][Metrics] logloss: 0.004984 - AUC: 0.927751 - gAUC: 0.701318
2026-04-06 05:22:31,104 P2086626 INFO [Task: like][Metrics] logloss: 0.036417 - AUC: 0.949545 - gAUC: 0.696702
2026-04-06 05:23:15,862 P2086626 INFO [Task: share][Metrics] logloss: 0.005153 - AUC: 0.937275 - gAUC: 0.829748
