2026-04-20 09:35:38,083 P224484 INFO FuxiCTR version: 2.3.7
2026-04-20 09:35:38,084 P224484 INFO Params: {
    "accumulation_steps": "2",
    "batch_norm": "False",
    "batch_size": "4096",
    "data_format": "parquet",
    "data_root": "./data/",
    "dataset_id": "QK_Video_Action",
    "debug_mode": "False",
    "distributed": "True",
    "early_stop_patience": "2",
    "embedding_dim": "16",
    "embedding_regularizer": "0",
    "enable_bf16": "True",
    "epochs": "1",
    "eval_steps": "None",
    "feature_cols": "[{'name': 'user_index', 'active': True, 'dtype': 'int', 'type': 'meta'}, {'name': 'item_index', 'active': True, 'dtype': 'int', 'type': 'meta'}, {'name': 'seq_len', 'active': True, 'dtype': 'int', 'type': 'meta'}, {'name': 'user_id', 'active': True, 'dtype': 'int', 'type': 'categorical', 'vocab_size': 4996177}, {'name': 'item_id', 'active': True, 'dtype': 'int', 'type': 'categorical', 'vocab_size': 3753437, 'source': 'item'}, {'name': 'video_category', 'active': True, 'dtype': 'int', 'type': 'categorical', 'vocab_size': 4, 'source': 'item'}, {'name': 'watching_times', 'active': True, 'dtype': 'int', 'type': 'categorical', 'vocab_size': 637}, {'name': 'gender', 'active': True, 'dtype': 'int', 'type': 'categorical', 'vocab_size': 4}, {'name': 'age', 'active': True, 'dtype': 'int', 'type': 'categorical', 'vocab_size': 9}, {'name': 'action', 'active': True, 'dtype': 'int', 'type': 'categorical', 'vocab_size': 17, 'source': 'action'}]",
    "feature_config": "None",
    "feature_specs": "None",
    "gpu": "0",
    "group_id": "user_index",
    "item_info": "./data/QK_Video_Action/item_info.parquet",
    "label_col": "[{'name': 'click', 'dtype': 'float'}, {'name': 'follow', 'dtype': 'float'}, {'name': 'like', 'dtype': 'float'}, {'name': 'share', 'dtype': 'float'}]",
    "learning_rate": "0.001",
    "local_rank": "0",
    "loss": "['binary_crossentropy', 'binary_crossentropy', 'binary_crossentropy', 'binary_crossentropy']",
    "max_len": "100",
    "metrics": "['logloss', 'AUC', 'gAUC']",
    "model": "INFNet",
    "model_id": "INFNet_QK_Video_Action",
    "model_root": "./checkpoints/",
    "monitor": "{'AUC': 1, 'logloss': 0, 'gAUC': 1}",
    "monitor_mode": "max",
    "net_dropout": "0",
    "net_regularizer": "0",
    "num_c_hub_token": "8",
    "num_layers": "3",
    "num_t_hub_token": "2",
    "num_tasks": "4",
    "num_workers": "2",
    "optimizer": "adam",
    "pickle_feature_encoder": "True",
    "rank": "0",
    "rebuild_dataset": "False",
    "save_best_only": "True",
    "seed": "20262027",
    "shuffle": "True",
    "task": "binary_classification",
    "test_data": "./data/QK_Video_Action/test.parquet",
    "token_dim": "128",
    "tower_activations": "ReLU",
    "tower_hidden_units": "[128, 64]",
    "train_data": "./data/QK_Video_Action/train.parquet",
    "use_features": "None",
    "user_info": "./data/QK_Video_Action/user_info.parquet",
    "valid_data": "./data/QK_Video_Action/valid.parquet",
    "verbose": "1",
    "world_size": "2"
}
2026-04-20 09:35:38,087 P224484 INFO Set up feature processor...
2026-04-20 09:35:38,087 P224484 INFO Fit feature processor...
2026-04-20 09:35:38,087 P224484 INFO Processing column: {'name': 'user_index', 'active': True, 'dtype': 'int', 'type': 'meta'}
2026-04-20 09:35:38,087 P224484 INFO Processing column: {'name': 'item_index', 'active': True, 'dtype': 'int', 'type': 'meta'}
2026-04-20 09:35:38,087 P224484 INFO Processing column: {'name': 'seq_len', 'active': True, 'dtype': 'int', 'type': 'meta'}
2026-04-20 09:35:38,087 P224484 INFO Processing column: {'name': 'user_id', 'active': True, 'dtype': 'int', 'type': 'categorical', 'vocab_size': 4996177}
2026-04-20 09:35:39,400 P224484 INFO Processing column: {'name': 'item_id', 'active': True, 'dtype': 'int', 'type': 'categorical', 'vocab_size': 3753437, 'source': 'item'}
2026-04-20 09:35:40,383 P224484 INFO Processing column: {'name': 'video_category', 'active': True, 'dtype': 'int', 'type': 'categorical', 'vocab_size': 4, 'source': 'item'}
2026-04-20 09:35:40,383 P224484 INFO Processing column: {'name': 'watching_times', 'active': True, 'dtype': 'int', 'type': 'categorical', 'vocab_size': 637}
2026-04-20 09:35:40,384 P224484 INFO Processing column: {'name': 'gender', 'active': True, 'dtype': 'int', 'type': 'categorical', 'vocab_size': 4}
2026-04-20 09:35:40,384 P224484 INFO Processing column: {'name': 'age', 'active': True, 'dtype': 'int', 'type': 'categorical', 'vocab_size': 9}
2026-04-20 09:35:40,384 P224484 INFO Processing column: {'name': 'action', 'active': True, 'dtype': 'int', 'type': 'categorical', 'vocab_size': 17, 'source': 'action'}
2026-04-20 09:35:40,384 P224484 INFO Set column index...
2026-04-20 09:35:40,384 P224484 INFO Save feature_map to json: ./data/QK_Video_Action/feature_map.json
2026-04-20 09:35:40,385 P224484 INFO Pickle feature_encode: ./data/QK_Video_Action/feature_processor.pkl
2026-04-20 09:35:40,765 P224484 INFO Save feature_vocab to json: ./data/QK_Video_Action/feature_vocab.json
2026-04-20 09:35:51,894 P224484 INFO Set feature processor done.
2026-04-20 09:35:51,910 P224484 INFO Load feature_map from json: ./data/QK_Video_Action/feature_map.json
2026-04-20 09:35:51,910 P224484 INFO Set column index...
2026-04-20 09:35:51,910 P224484 INFO Feature specs: {
    "action": "{'source': 'action', 'type': 'categorical', 'padding_idx': 0, 'vocab_size': 17}",
    "age": "{'source': '', 'type': 'categorical', 'padding_idx': 0, 'vocab_size': 9}",
    "gender": "{'source': '', 'type': 'categorical', 'padding_idx': 0, 'vocab_size': 4}",
    "item_id": "{'source': 'item', 'type': 'categorical', 'padding_idx': 0, 'vocab_size': 3753437}",
    "item_index": "{'type': 'meta'}",
    "seq_len": "{'type': 'meta'}",
    "user_id": "{'source': '', 'type': 'categorical', 'padding_idx': 0, 'vocab_size': 4996177}",
    "user_index": "{'type': 'meta'}",
    "video_category": "{'source': 'item', 'type': 'categorical', 'padding_idx': 0, 'vocab_size': 4}",
    "watching_times": "{'source': '', 'type': 'categorical', 'padding_idx': 0, 'vocab_size': 637}"
}
2026-04-20 09:35:55,641 P224484 INFO Total number of parameters: 150427988.
2026-04-20 09:35:55,641 P224484 INFO Number of embedding parameters: 140004560.
2026-04-20 09:35:55,641 P224484 INFO Number of dense parameters: 10423428.
2026-04-20 09:35:55,641 P224484 INFO Loading datasets...
2026-04-20 09:36:59,331 P224484 INFO Train samples: total/197323659, blocks/1
2026-04-20 09:37:19,284 P224484 INFO Validation samples: total/25039514, blocks/1
2026-04-20 09:37:19,284 P224484 INFO Loading train and validation data done.
2026-04-20 09:37:19,285 P224484 INFO BF16 mixed precision: True
2026-04-20 09:37:19,285 P224484 INFO Start training: 48174 batches/epoch
2026-04-20 09:37:19,285 P224484 INFO ************ Epoch=1 start ************
2026-04-20 12:47:18,116 P224484 INFO Train loss: 0.418525
2026-04-20 12:47:18,116 P224484 INFO Evaluation @epoch 1 - batch 48174: 
2026-04-20 12:58:28,179 P224484 INFO [Task: click][Metrics] AUC: 0.922730 - logloss: 0.299328 - gAUC: 0.875561
2026-04-20 12:59:13,101 P224484 INFO [Task: follow][Metrics] AUC: 0.919334 - logloss: 0.006916 - gAUC: 0.666599
2026-04-20 13:00:07,168 P224484 INFO [Task: like][Metrics] AUC: 0.947658 - logloss: 0.047694 - gAUC: 0.675548
2026-04-20 13:00:52,695 P224484 INFO [Task: share][Metrics] AUC: 0.926735 - logloss: 0.007559 - gAUC: 0.805910
2026-04-20 13:00:56,558 P224484 INFO Save best model: monitor(max)=1.685019
2026-04-20 13:00:57,663 P224484 INFO ************ Epoch=1 end ************
2026-04-20 13:00:57,664 P224484 INFO Training finished.
2026-04-20 13:00:57,664 P224484 INFO Load best model: /mnt/data00/lhh/code/UniRank/checkpoints/QK_Video_Action/INFNet_QK_Video_Action.model
2026-04-20 13:00:59,489 P224484 INFO ******** Test evaluation ********
2026-04-20 13:00:59,489 P224484 INFO Loading datasets...
2026-04-20 13:01:20,732 P224484 INFO Test samples: total/24289979, blocks/1
2026-04-20 13:01:20,733 P224484 INFO Loading test data done.
2026-04-20 13:11:54,935 P224484 INFO [Task: click][Metrics] logloss: 0.250031 - AUC: 0.934743 - gAUC: 0.890796
2026-04-20 13:12:38,230 P224484 INFO [Task: follow][Metrics] logloss: 0.005001 - AUC: 0.925513 - gAUC: 0.683933
2026-04-20 13:13:28,301 P224484 INFO [Task: like][Metrics] logloss: 0.036651 - AUC: 0.950398 - gAUC: 0.690804
2026-04-20 13:14:11,222 P224484 INFO [Task: share][Metrics] logloss: 0.005232 - AUC: 0.936800 - gAUC: 0.830653
