2026-04-17 17:00:04,625 P891965 INFO FuxiCTR version: 2.3.7
2026-04-17 17:00:04,626 P891965 INFO Params: {
    "accumulation_steps": "1",
    "batch_norm": "False",
    "batch_size": "8192",
    "data_format": "parquet",
    "data_root": "./data/",
    "dataset_id": "QK_Video_Action",
    "debug_mode": "False",
    "distributed": "True",
    "dnn_activations": "ReLU",
    "early_stop_patience": "2",
    "embedding_dim": "16",
    "embedding_regularizer": "0",
    "enable_bf16": "True",
    "epochs": "1",
    "eval_steps": "None",
    "feature_cols": "[{'name': 'user_index', 'active': True, 'dtype': 'int', 'type': 'meta'}, {'name': 'item_index', 'active': True, 'dtype': 'int', 'type': 'meta'}, {'name': 'seq_len', 'active': True, 'dtype': 'int', 'type': 'meta'}, {'name': 'user_id', 'active': True, 'dtype': 'int', 'type': 'categorical', 'vocab_size': 4996177}, {'name': 'item_id', 'active': True, 'dtype': 'int', 'type': 'categorical', 'vocab_size': 3753437, 'source': 'item'}, {'name': 'video_category', 'active': True, 'dtype': 'int', 'type': 'categorical', 'vocab_size': 4, 'source': 'item'}, {'name': 'watching_times', 'active': True, 'dtype': 'int', 'type': 'categorical', 'vocab_size': 637}, {'name': 'gender', 'active': True, 'dtype': 'int', 'type': 'categorical', 'vocab_size': 4}, {'name': 'age', 'active': True, 'dtype': 'int', 'type': 'categorical', 'vocab_size': 9}, {'name': 'action', 'active': True, 'dtype': 'int', 'type': 'categorical', 'vocab_size': 17, 'source': 'action'}]",
    "feature_config": "None",
    "feature_specs": "None",
    "gpu": "0",
    "group_id": "user_index",
    "item_info": "./data/QK_Video_Action/item_info.parquet",
    "label_col": "[{'name': 'click', 'dtype': 'float'}, {'name': 'follow', 'dtype': 'float'}, {'name': 'like', 'dtype': 'float'}, {'name': 'share', 'dtype': 'float'}]",
    "learning_rate": "0.001",
    "local_rank": "0",
    "loss": "['binary_crossentropy', 'binary_crossentropy', 'binary_crossentropy', 'binary_crossentropy']",
    "max_len": "100",
    "metrics": "['logloss', 'AUC', 'gAUC']",
    "model": "LONGER",
    "model_id": "LONGER_QK_Video_Action",
    "model_root": "./checkpoints/",
    "monitor": "{'AUC': 1, 'logloss': 0, 'gAUC': 1}",
    "monitor_mode": "max",
    "net_dropout": "0",
    "net_regularizer": "0",
    "num_groups": "4",
    "num_heads": "2",
    "num_layers": "3",
    "num_ns_token": "4",
    "num_tasks": "4",
    "num_workers": "2",
    "optimizer": "adam",
    "pickle_feature_encoder": "True",
    "query_size": "10",
    "rank": "0",
    "rebuild_dataset": "False",
    "save_best_only": "True",
    "seed": "20262027",
    "shuffle": "True",
    "task": "binary_classification",
    "test_data": "./data/QK_Video_Action/test.parquet",
    "token_dim": "128",
    "tower_activations": "ReLU",
    "tower_hidden_units": "[128, 64]",
    "train_data": "./data/QK_Video_Action/train.parquet",
    "use_features": "None",
    "user_info": "./data/QK_Video_Action/user_info.parquet",
    "valid_data": "./data/QK_Video_Action/valid.parquet",
    "verbose": "1",
    "world_size": "2"
}
2026-04-17 17:00:04,627 P891965 INFO Set up feature processor...
2026-04-17 17:00:04,627 P891965 INFO Fit feature processor...
2026-04-17 17:00:04,627 P891965 INFO Processing column: {'name': 'user_index', 'active': True, 'dtype': 'int', 'type': 'meta'}
2026-04-17 17:00:04,627 P891965 INFO Processing column: {'name': 'item_index', 'active': True, 'dtype': 'int', 'type': 'meta'}
2026-04-17 17:00:04,627 P891965 INFO Processing column: {'name': 'seq_len', 'active': True, 'dtype': 'int', 'type': 'meta'}
2026-04-17 17:00:04,627 P891965 INFO Processing column: {'name': 'user_id', 'active': True, 'dtype': 'int', 'type': 'categorical', 'vocab_size': 4996177}
2026-04-17 17:00:05,928 P891965 INFO Processing column: {'name': 'item_id', 'active': True, 'dtype': 'int', 'type': 'categorical', 'vocab_size': 3753437, 'source': 'item'}
2026-04-17 17:00:06,891 P891965 INFO Processing column: {'name': 'video_category', 'active': True, 'dtype': 'int', 'type': 'categorical', 'vocab_size': 4, 'source': 'item'}
2026-04-17 17:00:06,892 P891965 INFO Processing column: {'name': 'watching_times', 'active': True, 'dtype': 'int', 'type': 'categorical', 'vocab_size': 637}
2026-04-17 17:00:06,892 P891965 INFO Processing column: {'name': 'gender', 'active': True, 'dtype': 'int', 'type': 'categorical', 'vocab_size': 4}
2026-04-17 17:00:06,892 P891965 INFO Processing column: {'name': 'age', 'active': True, 'dtype': 'int', 'type': 'categorical', 'vocab_size': 9}
2026-04-17 17:00:06,892 P891965 INFO Processing column: {'name': 'action', 'active': True, 'dtype': 'int', 'type': 'categorical', 'vocab_size': 17, 'source': 'action'}
2026-04-17 17:00:06,892 P891965 INFO Set column index...
2026-04-17 17:00:06,892 P891965 INFO Save feature_map to json: ./data/QK_Video_Action/feature_map.json
2026-04-17 17:00:06,893 P891965 INFO Pickle feature_encode: ./data/QK_Video_Action/feature_processor.pkl
2026-04-17 17:00:07,324 P891965 INFO Save feature_vocab to json: ./data/QK_Video_Action/feature_vocab.json
2026-04-17 17:00:18,764 P891965 INFO Set feature processor done.
2026-04-17 17:00:18,778 P891965 INFO Load feature_map from json: ./data/QK_Video_Action/feature_map.json
2026-04-17 17:00:18,778 P891965 INFO Set column index...
2026-04-17 17:00:18,778 P891965 INFO Feature specs: {
    "action": "{'source': 'action', 'type': 'categorical', 'padding_idx': 0, 'vocab_size': 17}",
    "age": "{'source': '', 'type': 'categorical', 'padding_idx': 0, 'vocab_size': 9}",
    "gender": "{'source': '', 'type': 'categorical', 'padding_idx': 0, 'vocab_size': 4}",
    "item_id": "{'source': 'item', 'type': 'categorical', 'padding_idx': 0, 'vocab_size': 3753437}",
    "item_index": "{'type': 'meta'}",
    "seq_len": "{'type': 'meta'}",
    "user_id": "{'source': '', 'type': 'categorical', 'padding_idx': 0, 'vocab_size': 4996177}",
    "user_index": "{'type': 'meta'}",
    "video_category": "{'source': 'item', 'type': 'categorical', 'padding_idx': 0, 'vocab_size': 4}",
    "watching_times": "{'source': '', 'type': 'categorical', 'padding_idx': 0, 'vocab_size': 637}"
}
2026-04-17 17:00:22,268 P891965 INFO Total number of parameters: 143688788.
2026-04-17 17:00:22,268 P891965 INFO Number of embedding parameters: 140004560.
2026-04-17 17:00:22,268 P891965 INFO Number of dense parameters: 3684228.
2026-04-17 17:00:22,269 P891965 INFO Loading datasets...
2026-04-17 17:01:30,202 P891965 INFO Train samples: total/197323659, blocks/1
2026-04-17 17:01:50,225 P891965 INFO Validation samples: total/25039514, blocks/1
2026-04-17 17:01:50,225 P891965 INFO Loading train and validation data done.
2026-04-17 17:01:50,226 P891965 INFO BF16 mixed precision: True
2026-04-17 17:01:50,226 P891965 INFO Start training: 24087 batches/epoch
2026-04-17 17:01:50,226 P891965 INFO ************ Epoch=1 start ************
2026-04-17 18:46:49,114 P891965 INFO Train loss: 0.417754
2026-04-17 18:46:49,114 P891965 INFO Evaluation @epoch 1 - batch 24087: 
2026-04-17 18:54:31,273 P891965 INFO [Task: click][Metrics] AUC: 0.924338 - logloss: 0.296567 - gAUC: 0.872199
2026-04-17 18:55:14,511 P891965 INFO [Task: follow][Metrics] AUC: 0.918588 - logloss: 0.006916 - gAUC: 0.661123
2026-04-17 18:56:07,860 P891965 INFO [Task: like][Metrics] AUC: 0.948227 - logloss: 0.047316 - gAUC: 0.660460
2026-04-17 18:56:51,587 P891965 INFO [Task: share][Metrics] AUC: 0.927494 - logloss: 0.007559 - gAUC: 0.798791
2026-04-17 18:56:54,651 P891965 INFO Save best model: monitor(max)=1.677805
2026-04-17 18:56:55,402 P891965 INFO ************ Epoch=1 end ************
2026-04-17 18:56:55,402 P891965 INFO Training finished.
2026-04-17 18:56:55,402 P891965 INFO Load best model: /mnt/data00/lhh/code/UniRank/checkpoints/QK_Video_Action/LONGER_QK_Video_Action.model
2026-04-17 18:56:57,256 P891965 INFO ******** Test evaluation ********
2026-04-17 18:56:57,256 P891965 INFO Loading datasets...
2026-04-17 18:57:19,358 P891965 INFO Test samples: total/24289979, blocks/1
2026-04-17 18:57:19,358 P891965 INFO Loading test data done.
2026-04-17 19:04:32,130 P891965 INFO [Task: click][Metrics] logloss: 0.246484 - AUC: 0.936879 - gAUC: 0.888012
2026-04-17 19:05:14,506 P891965 INFO [Task: follow][Metrics] logloss: 0.004983 - AUC: 0.926174 - gAUC: 0.679453
2026-04-17 19:06:04,117 P891965 INFO [Task: like][Metrics] logloss: 0.036075 - AUC: 0.951075 - gAUC: 0.678905
2026-04-17 19:06:46,615 P891965 INFO [Task: share][Metrics] logloss: 0.005243 - AUC: 0.935917 - gAUC: 0.823598
