2026-04-01 17:46:48,307 P1037695 INFO FuxiCTR version: 2.3.7
2026-04-01 17:46:48,307 P1037695 INFO Params: {
    "accumulation_steps": "1",
    "attention_dropout": "0",
    "attention_hidden_activations": "Dice",
    "attention_hidden_units": "[256, 128]",
    "attention_output_activation": "None",
    "batch_norm": "False",
    "batch_size": "8192",
    "data_format": "parquet",
    "data_root": "./data/",
    "dataset_id": "QK_Video_Action",
    "debug_mode": "False",
    "din_use_softmax": "False",
    "distributed": "True",
    "early_stop_patience": "2",
    "embedding_dim": "16",
    "embedding_regularizer": "0",
    "enable_bf16": "True",
    "epochs": "1",
    "eval_steps": "None",
    "expansion_factor": "2",
    "feature_cols": "[{'name': 'user_index', 'active': True, 'dtype': 'int', 'type': 'meta'}, {'name': 'item_index', 'active': True, 'dtype': 'int', 'type': 'meta'}, {'name': 'seq_len', 'active': True, 'dtype': 'int', 'type': 'meta'}, {'name': 'user_id', 'active': True, 'dtype': 'str', 'type': 'categorical', 'vocab_size': 4996177}, {'name': 'item_id', 'active': True, 'dtype': 'str', 'type': 'categorical', 'vocab_size': 3753437, 'source': 'item'}, {'name': 'video_category', 'active': True, 'dtype': 'str', 'type': 'categorical', 'vocab_size': 4, 'source': 'item'}, {'name': 'watching_times', 'active': True, 'dtype': 'str', 'type': 'categorical', 'vocab_size': 637}, {'name': 'gender', 'active': True, 'dtype': 'str', 'type': 'categorical', 'vocab_size': 4}, {'name': 'age', 'active': True, 'dtype': 'str', 'type': 'categorical', 'vocab_size': 9}, {'name': 'action', 'active': True, 'dtype': 'str', 'type': 'categorical', 'vocab_size': 17, 'source': 'action'}]",
    "feature_config": "None",
    "feature_specs": "None",
    "gpu": "0",
    "group_id": "user_index",
    "item_info": "./data/QK_Video_Action_Seq/item_info.parquet",
    "label_col": "[{'name': 'click', 'dtype': 'float'}, {'name': 'follow', 'dtype': 'float'}, {'name': 'like', 'dtype': 'float'}, {'name': 'share', 'dtype': 'float'}]",
    "learning_rate": "0.001",
    "local_rank": "0",
    "loss": "['binary_crossentropy', 'binary_crossentropy', 'binary_crossentropy', 'binary_crossentropy']",
    "max_len": "100",
    "metrics": "['logloss', 'AUC', 'gAUC']",
    "model": "RankMixer",
    "model_id": "RankMixer_QK_Video_Action",
    "model_root": "./checkpoints/",
    "monitor": "{'AUC': 1, 'logloss': 0, 'gAUC': 1}",
    "monitor_mode": "max",
    "net_dropout": "0",
    "net_regularizer": "0",
    "num_layers": "2",
    "num_ns_token": "4",
    "num_tasks": "4",
    "num_workers": "4",
    "optimizer": "adam",
    "pickle_feature_encoder": "True",
    "rank": "0",
    "rebuild_dataset": "False",
    "save_best_only": "True",
    "seed": "20262027",
    "shuffle": "True",
    "task": "binary_classification",
    "test_data": "./data/QK_Video_Action_Seq/test.parquet",
    "token_dim": "128",
    "tower_activations": "ReLU",
    "tower_hidden_units": "[128, 64]",
    "train_data": "./data/QK_Video_Action_Seq/train.parquet",
    "use_features": "None",
    "user_info": "./data/QK_Video_Action_Seq/user_info.parquet",
    "valid_data": "./data/QK_Video_Action_Seq/valid.parquet",
    "verbose": "1",
    "world_size": "2"
}
2026-04-01 17:46:48,308 P1037695 INFO Set up feature processor...
2026-04-01 17:46:48,309 P1037695 INFO Fit feature processor...
2026-04-01 17:46:48,309 P1037695 INFO Processing column: {'name': 'user_index', 'active': True, 'dtype': 'int', 'type': 'meta'}
2026-04-01 17:46:48,309 P1037695 INFO Processing column: {'name': 'item_index', 'active': True, 'dtype': 'int', 'type': 'meta'}
2026-04-01 17:46:48,309 P1037695 INFO Processing column: {'name': 'seq_len', 'active': True, 'dtype': 'int', 'type': 'meta'}
2026-04-01 17:46:48,309 P1037695 INFO Processing column: {'name': 'user_id', 'active': True, 'dtype': 'str', 'type': 'categorical', 'vocab_size': 4996177}
2026-04-01 17:46:49,589 P1037695 INFO Processing column: {'name': 'item_id', 'active': True, 'dtype': 'str', 'type': 'categorical', 'vocab_size': 3753437, 'source': 'item'}
2026-04-01 17:46:50,598 P1037695 INFO Processing column: {'name': 'video_category', 'active': True, 'dtype': 'str', 'type': 'categorical', 'vocab_size': 4, 'source': 'item'}
2026-04-01 17:46:50,598 P1037695 INFO Processing column: {'name': 'watching_times', 'active': True, 'dtype': 'str', 'type': 'categorical', 'vocab_size': 637}
2026-04-01 17:46:50,599 P1037695 INFO Processing column: {'name': 'gender', 'active': True, 'dtype': 'str', 'type': 'categorical', 'vocab_size': 4}
2026-04-01 17:46:50,599 P1037695 INFO Processing column: {'name': 'age', 'active': True, 'dtype': 'str', 'type': 'categorical', 'vocab_size': 9}
2026-04-01 17:46:50,599 P1037695 INFO Processing column: {'name': 'action', 'active': True, 'dtype': 'str', 'type': 'categorical', 'vocab_size': 17, 'source': 'action'}
2026-04-01 17:46:50,599 P1037695 INFO Set column index...
2026-04-01 17:46:50,599 P1037695 INFO Save feature_map to json: ./data/QK_Video_Action/feature_map.json
2026-04-01 17:46:50,600 P1037695 INFO Pickle feature_encode: ./data/QK_Video_Action/feature_processor.pkl
2026-04-01 17:46:51,024 P1037695 INFO Save feature_vocab to json: ./data/QK_Video_Action/feature_vocab.json
2026-04-01 17:47:02,457 P1037695 INFO Set feature processor done.
2026-04-01 17:47:02,472 P1037695 INFO Load feature_map from json: ./data/QK_Video_Action/feature_map.json
2026-04-01 17:47:02,473 P1037695 INFO Set column index...
2026-04-01 17:47:02,473 P1037695 INFO Feature specs: {
    "action": "{'source': 'action', 'type': 'categorical', 'padding_idx': 0, 'vocab_size': 17}",
    "age": "{'source': '', 'type': 'categorical', 'padding_idx': 0, 'vocab_size': 9}",
    "gender": "{'source': '', 'type': 'categorical', 'padding_idx': 0, 'vocab_size': 4}",
    "item_id": "{'source': 'item', 'type': 'categorical', 'padding_idx': 0, 'vocab_size': 3753437}",
    "item_index": "{'type': 'meta'}",
    "seq_len": "{'type': 'meta'}",
    "user_id": "{'source': '', 'type': 'categorical', 'padding_idx': 0, 'vocab_size': 4996177}",
    "user_index": "{'type': 'meta'}",
    "video_category": "{'source': 'item', 'type': 'categorical', 'padding_idx': 0, 'vocab_size': 4}",
    "watching_times": "{'source': '', 'type': 'categorical', 'padding_idx': 0, 'vocab_size': 637}"
}
2026-04-01 17:47:06,054 P1037695 INFO Total number of parameters: 141404245.
2026-04-01 17:47:06,054 P1037695 INFO Number of embedding parameters: 140004560.
2026-04-01 17:47:06,054 P1037695 INFO Number of dense parameters: 1399685.
2026-04-01 17:47:06,054 P1037695 INFO Loading datasets...
2026-04-01 17:48:10,033 P1037695 INFO Train samples: total/197323659, blocks/1
2026-04-01 17:48:28,704 P1037695 INFO Validation samples: total/25039514, blocks/1
2026-04-01 17:48:28,704 P1037695 INFO Loading train and validation data done.
2026-04-01 17:48:28,705 P1037695 INFO BF16 mixed precision: True
2026-04-01 17:48:28,705 P1037695 INFO Start training: 24087 batches/epoch
2026-04-01 17:48:28,705 P1037695 INFO ************ Epoch=1 start ************
2026-04-01 19:11:18,141 P1037695 INFO Train loss: 0.417422
2026-04-01 19:11:18,141 P1037695 INFO Evaluation @epoch 1 - batch 24087: 
2026-04-01 19:17:31,987 P1037695 INFO [Task: click][Metrics] AUC: 0.922570 - logloss: 0.299886 - gAUC: 0.875194
2026-04-01 19:18:15,608 P1037695 INFO [Task: follow][Metrics] AUC: 0.919533 - logloss: 0.006884 - gAUC: 0.691171
2026-04-01 19:19:09,178 P1037695 INFO [Task: like][Metrics] AUC: 0.946702 - logloss: 0.047742 - gAUC: 0.678916
2026-04-01 19:19:53,053 P1037695 INFO [Task: share][Metrics] AUC: 0.926514 - logloss: 0.007531 - gAUC: 0.808480
2026-04-01 19:19:55,975 P1037695 INFO Save best model: monitor(max)=1.692270
2026-04-01 19:20:01,266 P1037695 INFO ************ Epoch=1 end ************
2026-04-01 19:20:01,266 P1037695 INFO Training finished.
2026-04-01 19:20:01,266 P1037695 INFO Load best model: /mnt/data00/lhh/code/UniRank/checkpoints/QK_Video_Action/RankMixer_QK_Video_Action.model
2026-04-01 19:20:03,672 P1037695 INFO ******** Test evaluation ********
2026-04-01 19:20:03,673 P1037695 INFO Loading datasets...
2026-04-01 19:20:24,978 P1037695 INFO Test samples: total/24289979, blocks/1
2026-04-01 19:20:24,978 P1037695 INFO Loading test data done.
2026-04-01 19:26:09,841 P1037695 INFO [Task: click][Metrics] logloss: 0.250316 - AUC: 0.934837 - gAUC: 0.890310
2026-04-01 19:26:51,935 P1037695 INFO [Task: follow][Metrics] logloss: 0.005013 - AUC: 0.924756 - gAUC: 0.706272
2026-04-01 19:27:41,189 P1037695 INFO [Task: like][Metrics] logloss: 0.036879 - AUC: 0.948712 - gAUC: 0.694319
2026-04-01 19:28:23,313 P1037695 INFO [Task: share][Metrics] logloss: 0.005198 - AUC: 0.935199 - gAUC: 0.831781
