2026-04-21 20:37:39,519 P589325 INFO FuxiCTR version: 2.3.7
2026-04-21 20:37:39,519 P589325 INFO Params: {
    "accumulation_steps": "1",
    "batch_norm": "False",
    "batch_size": "8192",
    "data_format": "parquet",
    "data_root": "./data/",
    "dataset_id": "QK_Video_Action",
    "debug_mode": "False",
    "distributed": "True",
    "early_stop_patience": "2",
    "embedding_dim": "16",
    "embedding_regularizer": "0",
    "enable_bf16": "True",
    "epochs": "1",
    "eval_steps": "None",
    "feature_cols": "[{'name': 'user_index', 'active': True, 'dtype': 'int', 'type': 'meta'}, {'name': 'item_index', 'active': True, 'dtype': 'int', 'type': 'meta'}, {'name': 'seq_len', 'active': True, 'dtype': 'int', 'type': 'meta'}, {'name': 'user_id', 'active': True, 'dtype': 'int', 'type': 'categorical', 'vocab_size': 4996177}, {'name': 'item_id', 'active': True, 'dtype': 'int', 'type': 'categorical', 'vocab_size': 3753437, 'source': 'item'}, {'name': 'video_category', 'active': True, 'dtype': 'int', 'type': 'categorical', 'vocab_size': 4, 'source': 'item'}, {'name': 'watching_times', 'active': True, 'dtype': 'int', 'type': 'categorical', 'vocab_size': 637}, {'name': 'gender', 'active': True, 'dtype': 'int', 'type': 'categorical', 'vocab_size': 4}, {'name': 'age', 'active': True, 'dtype': 'int', 'type': 'categorical', 'vocab_size': 9}, {'name': 'action', 'active': True, 'dtype': 'int', 'type': 'categorical', 'vocab_size': 17, 'source': 'action'}]",
    "feature_config": "None",
    "feature_specs": "None",
    "gpu": "0",
    "group_id": "user_index",
    "item_info": "./data/QK_Video_Action/item_info.parquet",
    "label_col": "[{'name': 'click', 'dtype': 'float'}, {'name': 'follow', 'dtype': 'float'}, {'name': 'like', 'dtype': 'float'}, {'name': 'share', 'dtype': 'float'}]",
    "learning_rate": "0.001",
    "local_rank": "0",
    "loss": "['binary_crossentropy', 'binary_crossentropy', 'binary_crossentropy', 'binary_crossentropy']",
    "max_len": "100",
    "metrics": "['logloss', 'AUC', 'gAUC']",
    "model": "TokenFormer",
    "model_id": "TokenFormer_QK_Video_Action",
    "model_root": "./checkpoints/",
    "monitor": "{'AUC': 1, 'logloss': 0, 'gAUC': 1}",
    "monitor_mode": "max",
    "net_dropout": "0",
    "net_regularizer": "0",
    "num_FA_layers": "2",
    "num_heads": "2",
    "num_tasks": "4",
    "num_workers": "2",
    "optimizer": "adam",
    "pickle_feature_encoder": "True",
    "rank": "0",
    "rebuild_dataset": "False",
    "save_best_only": "True",
    "seed": "20262027",
    "shuffle": "True",
    "task": "binary_classification",
    "test_data": "./data/QK_Video_Action/test.parquet",
    "token_dim": "128",
    "tower_activations": "ReLU",
    "tower_hidden_units": "[128, 64]",
    "train_data": "./data/QK_Video_Action/train.parquet",
    "use_features": "None",
    "user_info": "./data/QK_Video_Action/user_info.parquet",
    "valid_data": "./data/QK_Video_Action/valid.parquet",
    "verbose": "1",
    "window_size": "[16]",
    "world_size": "2"
}
2026-04-21 20:37:39,520 P589325 INFO Set up feature processor...
2026-04-21 20:37:39,521 P589325 INFO Fit feature processor...
2026-04-21 20:37:39,521 P589325 INFO Processing column: {'name': 'user_index', 'active': True, 'dtype': 'int', 'type': 'meta'}
2026-04-21 20:37:39,521 P589325 INFO Processing column: {'name': 'item_index', 'active': True, 'dtype': 'int', 'type': 'meta'}
2026-04-21 20:37:39,521 P589325 INFO Processing column: {'name': 'seq_len', 'active': True, 'dtype': 'int', 'type': 'meta'}
2026-04-21 20:37:39,521 P589325 INFO Processing column: {'name': 'user_id', 'active': True, 'dtype': 'int', 'type': 'categorical', 'vocab_size': 4996177}
2026-04-21 20:37:40,799 P589325 INFO Processing column: {'name': 'item_id', 'active': True, 'dtype': 'int', 'type': 'categorical', 'vocab_size': 3753437, 'source': 'item'}
2026-04-21 20:37:41,830 P589325 INFO Processing column: {'name': 'video_category', 'active': True, 'dtype': 'int', 'type': 'categorical', 'vocab_size': 4, 'source': 'item'}
2026-04-21 20:37:41,830 P589325 INFO Processing column: {'name': 'watching_times', 'active': True, 'dtype': 'int', 'type': 'categorical', 'vocab_size': 637}
2026-04-21 20:37:41,830 P589325 INFO Processing column: {'name': 'gender', 'active': True, 'dtype': 'int', 'type': 'categorical', 'vocab_size': 4}
2026-04-21 20:37:41,831 P589325 INFO Processing column: {'name': 'age', 'active': True, 'dtype': 'int', 'type': 'categorical', 'vocab_size': 9}
2026-04-21 20:37:41,831 P589325 INFO Processing column: {'name': 'action', 'active': True, 'dtype': 'int', 'type': 'categorical', 'vocab_size': 17, 'source': 'action'}
2026-04-21 20:37:41,831 P589325 INFO Set column index...
2026-04-21 20:37:41,831 P589325 INFO Save feature_map to json: ./data/QK_Video_Action/feature_map.json
2026-04-21 20:37:41,831 P589325 INFO Pickle feature_encode: ./data/QK_Video_Action/feature_processor.pkl
2026-04-21 20:37:42,255 P589325 INFO Save feature_vocab to json: ./data/QK_Video_Action/feature_vocab.json
2026-04-21 20:37:53,833 P589325 INFO Set feature processor done.
2026-04-21 20:37:53,848 P589325 INFO Load feature_map from json: ./data/QK_Video_Action/feature_map.json
2026-04-21 20:37:53,848 P589325 INFO Set column index...
2026-04-21 20:37:53,848 P589325 INFO Feature specs: {
    "action": "{'source': 'action', 'type': 'categorical', 'padding_idx': 0, 'vocab_size': 17}",
    "age": "{'source': '', 'type': 'categorical', 'padding_idx': 0, 'vocab_size': 9}",
    "gender": "{'source': '', 'type': 'categorical', 'padding_idx': 0, 'vocab_size': 4}",
    "item_id": "{'source': 'item', 'type': 'categorical', 'padding_idx': 0, 'vocab_size': 3753437}",
    "item_index": "{'type': 'meta'}",
    "seq_len": "{'type': 'meta'}",
    "user_id": "{'source': '', 'type': 'categorical', 'padding_idx': 0, 'vocab_size': 4996177}",
    "user_index": "{'type': 'meta'}",
    "video_category": "{'source': 'item', 'type': 'categorical', 'padding_idx': 0, 'vocab_size': 4}",
    "watching_times": "{'source': '', 'type': 'categorical', 'padding_idx': 0, 'vocab_size': 637}"
}
2026-04-21 20:37:57,424 P589325 INFO Total number of parameters: 140993876.
2026-04-21 20:37:57,424 P589325 INFO Number of embedding parameters: 140004560.
2026-04-21 20:37:57,424 P589325 INFO Number of dense parameters: 989316.
2026-04-21 20:37:57,424 P589325 INFO Loading datasets...
2026-04-21 20:39:07,932 P589325 INFO Train samples: total/197323659, blocks/1
2026-04-21 20:39:26,617 P589325 INFO Validation samples: total/25039514, blocks/1
2026-04-21 20:39:26,617 P589325 INFO Loading train and validation data done.
2026-04-21 20:39:26,618 P589325 INFO BF16 mixed precision: True
2026-04-21 20:39:26,618 P589325 INFO Start training: 24087 batches/epoch
2026-04-21 20:39:26,618 P589325 INFO ************ Epoch=1 start ************
2026-04-22 00:45:05,198 P589325 INFO Train loss: 0.416682
2026-04-22 00:45:05,198 P589325 INFO Evaluation @epoch 1 - batch 24087: 
2026-04-22 01:03:04,371 P589325 INFO [Task: click][Metrics] AUC: 0.924289 - logloss: 0.296538 - gAUC: 0.871271
2026-04-22 01:03:47,350 P589325 INFO [Task: follow][Metrics] AUC: 0.922710 - logloss: 0.006808 - gAUC: 0.649133
2026-04-22 01:04:39,759 P589325 INFO [Task: like][Metrics] AUC: 0.948867 - logloss: 0.046942 - gAUC: 0.659593
2026-04-22 01:05:22,921 P589325 INFO [Task: share][Metrics] AUC: 0.928882 - logloss: 0.007545 - gAUC: 0.790059
2026-04-22 01:05:25,964 P589325 INFO Save best model: monitor(max)=1.673701
2026-04-22 01:05:31,974 P589325 INFO ************ Epoch=1 end ************
2026-04-22 01:05:31,974 P589325 INFO Training finished.
2026-04-22 01:05:31,974 P589325 INFO Load best model: /mnt/data00/lhh/code/UniRank/checkpoints/QK_Video_Action/TokenFormer_QK_Video_Action.model
2026-04-22 01:05:33,945 P589325 INFO ******** Test evaluation ********
2026-04-22 01:05:33,946 P589325 INFO Loading datasets...
2026-04-22 01:05:55,015 P589325 INFO Test samples: total/24289979, blocks/1
2026-04-22 01:05:55,015 P589325 INFO Loading test data done.
2026-04-22 01:23:06,885 P589325 INFO [Task: click][Metrics] logloss: 0.246443 - AUC: 0.936885 - gAUC: 0.887096
2026-04-22 01:23:48,408 P589325 INFO [Task: follow][Metrics] logloss: 0.004890 - AUC: 0.929482 - gAUC: 0.667604
2026-04-22 01:24:36,944 P589325 INFO [Task: like][Metrics] logloss: 0.035707 - AUC: 0.951817 - gAUC: 0.676200
2026-04-22 01:25:18,504 P589325 INFO [Task: share][Metrics] logloss: 0.005236 - AUC: 0.937519 - gAUC: 0.817349
