2026-05-11 14:36:54,382 P1594046 INFO FuxiCTR version: 2.3.7
2026-05-11 14:36:54,383 P1594046 INFO Params: {
    "accumulation_steps": "4",
    "attention_dropout": "0",
    "attention_hidden_activations": "Dice",
    "attention_hidden_units": "[256, 128]",
    "attention_output_activation": "None",
    "batch_norm": "False",
    "batch_size": "2048",
    "block_cache_size": "1",
    "blocked": "True",
    "data_format": "parquet",
    "data_root": "./data/",
    "dataset_id": "TencentGR_10M_Action",
    "debug_mode": "False",
    "din_use_softmax": "False",
    "distributed": "True",
    "early_stop_patience": "2",
    "embedding_dim": "16",
    "embedding_regularizer": "0",
    "enable_bf16": "True",
    "epochs": "1",
    "eval_steps": "None",
    "expansion_factor": "2",
    "feature_cols": "[{'name': 'user_index', 'active': True, 'dtype': 'int', 'type': 'meta'}, {'name': 'item_index', 'active': True, 'dtype': 'int', 'type': 'meta'}, {'name': 'seq_len', 'active': True, 'dtype': 'int', 'type': 'meta'}, {'name': 'user_id', 'active': True, 'dtype': 'int', 'type': 'categorical', 'vocab_size': 7706779}, {'name': 'item_id', 'active': True, 'dtype': 'int', 'type': 'categorical', 'vocab_size': 17487677, 'source': 'item'}, {'name': '100', 'active': True, 'dtype': 'int', 'type': 'categorical', 'vocab_size': 7, 'source': 'item'}, {'name': '101', 'active': True, 'dtype': 'int', 'type': 'categorical', 'vocab_size': 54, 'source': 'item'}, {'name': '102', 'active': True, 'dtype': 'int', 'type': 'categorical', 'vocab_size': 173464, 'source': 'item'}, {'name': '112', 'active': True, 'dtype': 'int', 'type': 'categorical', 'vocab_size': 31, 'source': 'item'}, {'name': '114', 'active': True, 'dtype': 'int', 'type': 'categorical', 'vocab_size': 34, 'source': 'item'}, {'name': '115', 'active': True, 'dtype': 'int', 'type': 'categorical', 'vocab_size': 989, 'source': 'item'}, {'name': '116', 'active': True, 'dtype': 'int', 'type': 'categorical', 'vocab_size': 21, 'source': 'item'}, {'name': '117', 'active': True, 'dtype': 'int', 'type': 'categorical', 'vocab_size': 559, 'source': 'item'}, {'name': '118', 'active': True, 'dtype': 'int', 'type': 'categorical', 'vocab_size': 1637, 'source': 'item'}, {'name': '119', 'active': True, 'dtype': 'int', 'type': 'categorical', 'vocab_size': 4951, 'source': 'item'}, {'name': '120', 'active': True, 'dtype': 'int', 'type': 'categorical', 'vocab_size': 4046, 'source': 'item'}, {'name': '121', 'active': True, 'dtype': 'int', 'type': 'categorical', 'vocab_size': 5041301, 'source': 'item'}, {'name': '122', 'active': True, 'dtype': 'int', 'type': 'categorical', 'vocab_size': 2392, 'source': 'item'}, {'name': '103', 'active': True, 'dtype': 'int', 'type': 'categorical', 'vocab_size': 88}, {'name': '104', 'active': True, 'dtype': 'int', 'type': 'categorical', 'vocab_size': 3}, {'name': '105', 'active': True, 'dtype': 'int', 'type': 'categorical', 'vocab_size': 8}, {'name': '109', 'active': True, 'dtype': 'int', 'type': 'categorical', 'vocab_size': 4}, {'name': '106', 'active': True, 'dtype': 'int', 'type': 'sequence', 'max_len': 5, 'vocab_size': 15}, {'name': '107', 'active': True, 'dtype': 'int', 'type': 'sequence', 'max_len': 5, 'vocab_size': 20}, {'name': '108', 'active': True, 'dtype': 'int', 'type': 'sequence', 'max_len': 5, 'vocab_size': 5}, {'name': '110', 'active': True, 'dtype': 'int', 'type': 'sequence', 'max_len': 5, 'vocab_size': 3}, {'name': 'day_of_week', 'active': True, 'dtype': 'int', 'type': 'categorical', 'vocab_size': 8}, {'name': 'is_weekend', 'active': True, 'dtype': 'int', 'type': 'categorical', 'vocab_size': 3}, {'name': 'hour', 'active': True, 'dtype': 'int', 'type': 'categorical', 'vocab_size': 25}, {'name': 'action', 'active': True, 'dtype': 'int', 'type': 'categorical', 'vocab_size': 4, 'source': 'action'}]",
    "feature_config": "None",
    "feature_specs": "None",
    "gpu": "0",
    "group_id": "user_index",
    "label_col": "[{'name': 'is_click', 'dtype': 'float'}, {'name': 'is_conversion', 'dtype': 'float'}]",
    "learning_rate": "0.001",
    "local_rank": "0",
    "loss": "['binary_crossentropy', 'binary_crossentropy']",
    "max_len": "100",
    "metrics": "['logloss', 'AUC', 'gAUC']",
    "model": "HiFormer",
    "model_id": "HiFormer_TencentGR_10M_Action",
    "model_root": "./checkpoints/",
    "monitor": "{'AUC': 1, 'logloss': 0, 'gAUC': 1}",
    "monitor_mode": "max",
    "net_dropout": "0",
    "net_regularizer": "0",
    "num_heads": "2",
    "num_layers": "3",
    "num_tasks": "2",
    "num_workers": "2",
    "optimizer": "adam",
    "pickle_feature_encoder": "True",
    "rank": "0",
    "rebuild_dataset": "False",
    "save_best_only": "True",
    "seed": "20262027",
    "shuffle": "True",
    "task": "binary_classification",
    "test_data": "./data/TencentGR_10M_Action_Blocked/test/data",
    "test_item_info": "./data/TencentGR_10M_Action_Blocked/test/item_info",
    "test_user_info": "./data/TencentGR_10M_Action_Blocked/test/user_info",
    "token_dim": "128",
    "tower_activations": "ReLU",
    "tower_hidden_units": "[128, 64]",
    "train_data": "./data/TencentGR_10M_Action_Blocked/train/data",
    "train_item_info": "./data/TencentGR_10M_Action_Blocked/train/item_info",
    "train_user_info": "./data/TencentGR_10M_Action_Blocked/train/user_info",
    "use_features": "None",
    "valid_data": "./data/TencentGR_10M_Action_Blocked/valid/data",
    "valid_item_info": "./data/TencentGR_10M_Action_Blocked/valid/item_info",
    "valid_user_info": "./data/TencentGR_10M_Action_Blocked/valid/user_info",
    "verbose": "1",
    "world_size": "2"
}
2026-05-11 14:36:54,384 P1594046 INFO Set up feature processor...
2026-05-11 14:36:54,385 P1594046 INFO Fit feature processor...
2026-05-11 14:36:54,385 P1594046 INFO Processing column: {'name': 'user_index', 'active': True, 'dtype': 'int', 'type': 'meta'}
2026-05-11 14:36:54,385 P1594046 INFO Processing column: {'name': 'item_index', 'active': True, 'dtype': 'int', 'type': 'meta'}
2026-05-11 14:36:54,385 P1594046 INFO Processing column: {'name': 'seq_len', 'active': True, 'dtype': 'int', 'type': 'meta'}
2026-05-11 14:36:54,385 P1594046 INFO Processing column: {'name': 'user_id', 'active': True, 'dtype': 'int', 'type': 'categorical', 'vocab_size': 7706779}
2026-05-11 14:36:56,451 P1594046 INFO Processing column: {'name': 'item_id', 'active': True, 'dtype': 'int', 'type': 'categorical', 'vocab_size': 17487677, 'source': 'item'}
2026-05-11 14:37:00,956 P1594046 INFO Processing column: {'name': '100', 'active': True, 'dtype': 'int', 'type': 'categorical', 'vocab_size': 7, 'source': 'item'}
2026-05-11 14:37:00,956 P1594046 INFO Processing column: {'name': '101', 'active': True, 'dtype': 'int', 'type': 'categorical', 'vocab_size': 54, 'source': 'item'}
2026-05-11 14:37:00,956 P1594046 INFO Processing column: {'name': '102', 'active': True, 'dtype': 'int', 'type': 'categorical', 'vocab_size': 173464, 'source': 'item'}
2026-05-11 14:37:01,000 P1594046 INFO Processing column: {'name': '112', 'active': True, 'dtype': 'int', 'type': 'categorical', 'vocab_size': 31, 'source': 'item'}
2026-05-11 14:37:01,000 P1594046 INFO Processing column: {'name': '114', 'active': True, 'dtype': 'int', 'type': 'categorical', 'vocab_size': 34, 'source': 'item'}
2026-05-11 14:37:01,000 P1594046 INFO Processing column: {'name': '115', 'active': True, 'dtype': 'int', 'type': 'categorical', 'vocab_size': 989, 'source': 'item'}
2026-05-11 14:37:01,000 P1594046 INFO Processing column: {'name': '116', 'active': True, 'dtype': 'int', 'type': 'categorical', 'vocab_size': 21, 'source': 'item'}
2026-05-11 14:37:01,000 P1594046 INFO Processing column: {'name': '117', 'active': True, 'dtype': 'int', 'type': 'categorical', 'vocab_size': 559, 'source': 'item'}
2026-05-11 14:37:01,001 P1594046 INFO Processing column: {'name': '118', 'active': True, 'dtype': 'int', 'type': 'categorical', 'vocab_size': 1637, 'source': 'item'}
2026-05-11 14:37:01,001 P1594046 INFO Processing column: {'name': '119', 'active': True, 'dtype': 'int', 'type': 'categorical', 'vocab_size': 4951, 'source': 'item'}
2026-05-11 14:37:01,002 P1594046 INFO Processing column: {'name': '120', 'active': True, 'dtype': 'int', 'type': 'categorical', 'vocab_size': 4046, 'source': 'item'}
2026-05-11 14:37:01,003 P1594046 INFO Processing column: {'name': '121', 'active': True, 'dtype': 'int', 'type': 'categorical', 'vocab_size': 5041301, 'source': 'item'}
2026-05-11 14:37:02,308 P1594046 INFO Processing column: {'name': '122', 'active': True, 'dtype': 'int', 'type': 'categorical', 'vocab_size': 2392, 'source': 'item'}
2026-05-11 14:37:02,309 P1594046 INFO Processing column: {'name': '103', 'active': True, 'dtype': 'int', 'type': 'categorical', 'vocab_size': 88}
2026-05-11 14:37:02,309 P1594046 INFO Processing column: {'name': '104', 'active': True, 'dtype': 'int', 'type': 'categorical', 'vocab_size': 3}
2026-05-11 14:37:02,309 P1594046 INFO Processing column: {'name': '105', 'active': True, 'dtype': 'int', 'type': 'categorical', 'vocab_size': 8}
2026-05-11 14:37:02,309 P1594046 INFO Processing column: {'name': '109', 'active': True, 'dtype': 'int', 'type': 'categorical', 'vocab_size': 4}
2026-05-11 14:37:02,309 P1594046 INFO Processing column: {'name': '106', 'active': True, 'dtype': 'int', 'type': 'sequence', 'max_len': 5, 'vocab_size': 15}
2026-05-11 14:37:02,309 P1594046 INFO Processing column: {'name': '107', 'active': True, 'dtype': 'int', 'type': 'sequence', 'max_len': 5, 'vocab_size': 20}
2026-05-11 14:37:02,309 P1594046 INFO Processing column: {'name': '108', 'active': True, 'dtype': 'int', 'type': 'sequence', 'max_len': 5, 'vocab_size': 5}
2026-05-11 14:37:02,309 P1594046 INFO Processing column: {'name': '110', 'active': True, 'dtype': 'int', 'type': 'sequence', 'max_len': 5, 'vocab_size': 3}
2026-05-11 14:37:02,309 P1594046 INFO Processing column: {'name': 'day_of_week', 'active': True, 'dtype': 'int', 'type': 'categorical', 'vocab_size': 8}
2026-05-11 14:37:02,309 P1594046 INFO Processing column: {'name': 'is_weekend', 'active': True, 'dtype': 'int', 'type': 'categorical', 'vocab_size': 3}
2026-05-11 14:37:02,309 P1594046 INFO Processing column: {'name': 'hour', 'active': True, 'dtype': 'int', 'type': 'categorical', 'vocab_size': 25}
2026-05-11 14:37:02,309 P1594046 INFO Processing column: {'name': 'action', 'active': True, 'dtype': 'int', 'type': 'categorical', 'vocab_size': 4, 'source': 'action'}
2026-05-11 14:37:02,309 P1594046 INFO Set column index...
2026-05-11 14:37:02,309 P1594046 INFO Save feature_map to json: ./data/TencentGR_10M_Action/feature_map.json
2026-05-11 14:37:02,310 P1594046 INFO Pickle feature_encode: ./data/TencentGR_10M_Action/feature_processor.pkl
2026-05-11 14:37:03,778 P1594046 INFO Save feature_vocab to json: ./data/TencentGR_10M_Action/feature_vocab.json
2026-05-11 14:37:43,553 P1594046 INFO Set feature processor done.
2026-05-11 14:37:43,565 P1594046 INFO Load feature_map from json: ./data/TencentGR_10M_Action/feature_map.json
2026-05-11 14:37:43,565 P1594046 INFO Set column index...
2026-05-11 14:37:43,565 P1594046 INFO Feature specs: {
    "100": "{'source': 'item', 'type': 'categorical', 'padding_idx': 0, 'vocab_size': 7}",
    "101": "{'source': 'item', 'type': 'categorical', 'padding_idx': 0, 'vocab_size': 54}",
    "102": "{'source': 'item', 'type': 'categorical', 'padding_idx': 0, 'vocab_size': 173464}",
    "103": "{'source': '', 'type': 'categorical', 'padding_idx': 0, 'vocab_size': 88}",
    "104": "{'source': '', 'type': 'categorical', 'padding_idx': 0, 'vocab_size': 3}",
    "105": "{'source': '', 'type': 'categorical', 'padding_idx': 0, 'vocab_size': 8}",
    "106": "{'source': '', 'type': 'sequence', 'feature_encoder': 'layers.MaskedAveragePooling()', 'padding_idx': 0, 'max_len': 5, 'vocab_size': 15}",
    "107": "{'source': '', 'type': 'sequence', 'feature_encoder': 'layers.MaskedAveragePooling()', 'padding_idx': 0, 'max_len': 5, 'vocab_size': 20}",
    "108": "{'source': '', 'type': 'sequence', 'feature_encoder': 'layers.MaskedAveragePooling()', 'padding_idx': 0, 'max_len': 5, 'vocab_size': 5}",
    "109": "{'source': '', 'type': 'categorical', 'padding_idx': 0, 'vocab_size': 4}",
    "110": "{'source': '', 'type': 'sequence', 'feature_encoder': 'layers.MaskedAveragePooling()', 'padding_idx': 0, 'max_len': 5, 'vocab_size': 3}",
    "112": "{'source': 'item', 'type': 'categorical', 'padding_idx': 0, 'vocab_size': 31}",
    "114": "{'source': 'item', 'type': 'categorical', 'padding_idx': 0, 'vocab_size': 34}",
    "115": "{'source': 'item', 'type': 'categorical', 'padding_idx': 0, 'vocab_size': 989}",
    "116": "{'source': 'item', 'type': 'categorical', 'padding_idx': 0, 'vocab_size': 21}",
    "117": "{'source': 'item', 'type': 'categorical', 'padding_idx': 0, 'vocab_size': 559}",
    "118": "{'source': 'item', 'type': 'categorical', 'padding_idx': 0, 'vocab_size': 1637}",
    "119": "{'source': 'item', 'type': 'categorical', 'padding_idx': 0, 'vocab_size': 4951}",
    "120": "{'source': 'item', 'type': 'categorical', 'padding_idx': 0, 'vocab_size': 4046}",
    "121": "{'source': 'item', 'type': 'categorical', 'padding_idx': 0, 'vocab_size': 5041301}",
    "122": "{'source': 'item', 'type': 'categorical', 'padding_idx': 0, 'vocab_size': 2392}",
    "action": "{'source': 'action', 'type': 'categorical', 'padding_idx': 0, 'vocab_size': 4}",
    "day_of_week": "{'source': '', 'type': 'categorical', 'padding_idx': 0, 'vocab_size': 8}",
    "hour": "{'source': '', 'type': 'categorical', 'padding_idx': 0, 'vocab_size': 25}",
    "is_weekend": "{'source': '', 'type': 'categorical', 'padding_idx': 0, 'vocab_size': 3}",
    "item_id": "{'source': 'item', 'type': 'categorical', 'padding_idx': 0, 'vocab_size': 17487677}",
    "item_index": "{'type': 'meta'}",
    "seq_len": "{'type': 'meta'}",
    "user_id": "{'source': '', 'type': 'categorical', 'padding_idx': 0, 'vocab_size': 7706779}",
    "user_index": "{'type': 'meta'}"
}
2026-05-11 14:37:50,736 P1594046 INFO ************ compile start ************
2026-05-11 14:37:57,156 P1594046 INFO Total number of parameters: 781378435.
2026-05-11 14:37:57,156 P1594046 INFO Number of embedding parameters: 486786048.
2026-05-11 14:37:57,156 P1594046 INFO Number of dense parameters: 294592387.
2026-05-11 14:37:57,156 P1594046 INFO Loading datasets...
2026-05-11 14:37:57,227 P1594046 INFO Train samples: total/293061103, blocks/8
2026-05-11 14:37:57,274 P1594046 INFO Validation samples: total/8920801, blocks/4
2026-05-11 14:37:57,274 P1594046 INFO Loading train and validation data done.
2026-05-11 14:37:57,275 P1594046 INFO BF16 mixed precision: True
2026-05-11 14:37:57,275 P1594046 INFO Start training: 143092 local batches/epoch
2026-05-11 14:37:57,275 P1594046 INFO DDP blocked training: True
2026-05-11 14:37:57,275 P1594046 INFO Disable step-wise eval and use epoch-end synchronized eval for DDP + blocked dataloader.
2026-05-11 14:37:57,275 P1594046 INFO ************ Epoch=1 start ************
2026-05-11 23:18:48,119 P1594046 INFO Train loss: 0.301099
2026-05-11 23:18:48,187 P1594046 INFO Evaluation @epoch 1 - batch 143092: 
2026-05-11 23:26:52,506 P1594046 INFO [Task: is_click][Metrics] AUC: 0.739149 - logloss: 0.174119 - gAUC: 0.682147
2026-05-11 23:27:09,654 P1594046 INFO [Task: is_conversion][Metrics] AUC: 0.799980 - logloss: 0.095398 - gAUC: 0.741327
2026-05-11 23:27:10,123 P1594046 INFO Save best model: monitor(max)=1.481302
2026-05-11 23:27:16,283 P1594046 INFO ************ Epoch=1 end ************
2026-05-11 23:27:16,283 P1594046 INFO Training finished.
2026-05-11 23:27:16,283 P1594046 INFO Load best model: /mnt/data00/lhh/code/UniRank/checkpoints/TencentGR_10M_Action/HiFormer_TencentGR_10M_Action.model
2026-05-11 23:27:20,879 P1594046 INFO ******** Test evaluation ********
2026-05-11 23:27:20,879 P1594046 INFO Loading datasets...
2026-05-11 23:27:20,934 P1594046 INFO Test samples: total/76589704, blocks/4
2026-05-11 23:27:20,934 P1594046 INFO Loading test data done.
2026-05-12 00:32:55,069 P1594046 INFO [Task: is_click][Metrics] logloss: 0.058978 - AUC: 0.773538 - gAUC: 0.708808
2026-05-12 00:33:57,048 P1594046 INFO [Task: is_conversion][Metrics] logloss: 0.032162 - AUC: 0.837641 - gAUC: 0.785384
